<?xml version="1.0" encoding="UTF-8"?>
<testsuite name="com.visp.gate_command.business.UserServiceImplTest" tests="4" skipped="0" failures="0" errors="0" timestamp="2025-03-14T04:58:01" hostname="emilio-X670-AORUS-ELITE-AX" time="0.761">
  <properties/>
  <testcase name="testDeactivateUsersWithCSVFile()" classname="com.visp.gate_command.business.UserServiceImplTest" time="0.131"/>
  <testcase name="testLoadUsersWithCSVFile()" classname="com.visp.gate_command.business.UserServiceImplTest" time="0.065"/>
  <testcase name="testCreate()" classname="com.visp.gate_command.business.UserServiceImplTest" time="0.002"/>
  <testcase name="testLoadUsersWithXLSXFile()" classname="com.visp.gate_command.business.UserServiceImplTest" time="0.562"/>
  <system-out><![CDATA[]]></system-out>
  <system-err><![CDATA[]]></system-err>
</testsuite>
