<?xml version="1.0" encoding="UTF-8"?>
<testsuite name="com.visp.gate_command.integration.UserIntegrationTest" tests="3" skipped="0" failures="0" errors="0" timestamp="2025-03-14T04:58:08" hostname="emilio-X670-AORUS-ELITE-AX" time="1.619">
  <properties/>
  <testcase name="testSaveUser()" classname="com.visp.gate_command.integration.UserIntegrationTest" time="0.281"/>
  <testcase name="testBatchDelete()" classname="com.visp.gate_command.integration.UserIntegrationTest" time="0.3"/>
  <testcase name="testBatchSaveWithCustomHeaders()" classname="com.visp.gate_command.integration.UserIntegrationTest" time="0.28"/>
  <system-out><![CDATA[2025-03-14 01:58:08,259 [Test worker] INFO  org.springframework.test.context.support.AnnotationConfigContextLoaderUtils - Could not detect default configuration classes for test class [com.visp.gate_command.integration.UserIntegrationTest]: UserIntegrationTest does not declare any static, non-private, non-final, nested classes annotated with @Configuration.
2025-03-14 01:58:08,262 [Test worker] INFO  org.springframework.boot.test.context.SpringBootTestContextBootstrapper - Found @SpringBootConfiguration com.visp.gate_command.GateCommandApplication for test class com.visp.gate_command.integration.UserIntegrationTest
01:58:08,271 |-INFO in ch.qos.logback.core.model.processor.AppenderModelHandler - Processing appender named [MASKED_CONSOLE]
01:58:08,271 |-INFO in ch.qos.logback.core.model.processor.AppenderModelHandler - About to instantiate appender of type [ch.qos.logback.core.ConsoleAppender]
01:58:08,271 |-INFO in ch.qos.logback.core.ConsoleAppender[MASKED_CONSOLE] - BEWARE: Writing to the console can be very slow. Avoid logging to the 
01:58:08,271 |-INFO in ch.qos.logback.core.ConsoleAppender[MASKED_CONSOLE] - console in production environments, especially in high volume systems.
01:58:08,271 |-INFO in ch.qos.logback.core.ConsoleAppender[MASKED_CONSOLE] - See also https://logback.qos.ch/codes.html#slowConsole
01:58:08,271 |-WARN in ch.qos.logback.core.model.processor.AppenderModelHandler - Appender named [JSON_CONSOLE] not referenced. Skipping further processing.
01:58:08,271 |-INFO in ch.qos.logback.classic.model.processor.RootLoggerModelHandler - Setting level of ROOT logger to INFO
01:58:08,271 |-INFO in ch.qos.logback.classic.jul.LevelChangePropagator@110983e3 - Propagating INFO level on Logger[ROOT] onto the JUL framework
01:58:08,271 |-INFO in ch.qos.logback.core.model.processor.AppenderRefModelHandler - Attaching appender named [MASKED_CONSOLE] to Logger[ROOT]
01:58:08,271 |-INFO in ch.qos.logback.core.model.processor.DefaultProcessor@a035435 - End of configuration.
01:58:08,271 |-INFO in org.springframework.boot.logging.logback.SpringBootJoranConfigurator@35b8018a - Registering current configuration as safe fallback point


  .   ____          _            __ _ _
 /\\ / ___'_ __ _ _(_)_ __  __ _ \ \ \ \
( ( )\___ | '_ | '_| | '_ \/ _` | \ \ \ \
 \\/  ___)| |_)| | | | | || (_| |  ) ) ) )
  '  |____| .__|_| |_|_| |_\__, | / / / /
 =========|_|==============|___/=/_/_/_/

 :: Spring Boot ::                (v3.4.3)

2025-03-14 01:58:08,274 [Test worker] INFO  com.visp.gate_command.integration.UserIntegrationTest - Starting UserIntegrationTest using Java 21.0.6 with PID 102706 (started by emilio in /home/emilio/repos/gate-command)
2025-03-14 01:58:08,274 [Test worker] DEBUG com.visp.gate_command.integration.UserIntegrationTest - Running with Spring Boot v3.4.3, Spring v6.2.3
2025-03-14 01:58:08,274 [Test worker] INFO  com.visp.gate_command.integration.UserIntegrationTest - The following 1 profile is active: "intTest"
2025-03-14 01:58:08,309 [Test worker] INFO  org.springframework.data.repository.config.RepositoryConfigurationDelegate - Bootstrapping Spring Data JPA repositories in DEFAULT mode.
2025-03-14 01:58:08,314 [Test worker] INFO  org.springframework.data.repository.config.RepositoryConfigurationDelegate - Finished Spring Data repository scanning in 4 ms. Found 6 JPA repository interfaces.
2025-03-14 01:58:08,357 [Test worker] INFO  org.springframework.boot.web.embedded.tomcat.TomcatWebServer - Tomcat initialized with port 0 (http)
2025-03-14 01:58:08,357 [Test worker] INFO  org.apache.coyote.http11.Http11NioProtocol - Initializing ProtocolHandler ["http-nio-auto-8"]
2025-03-14 01:58:08,357 [Test worker] INFO  org.apache.catalina.core.StandardService - Starting service [Tomcat]
2025-03-14 01:58:08,357 [Test worker] INFO  org.apache.catalina.core.StandardEngine - Starting Servlet engine: [Apache Tomcat/10.1.36]
2025-03-14 01:58:08,362 [Test worker] INFO  org.apache.catalina.core.ContainerBase.[Tomcat].[localhost].[/] - Initializing Spring embedded WebApplicationContext
2025-03-14 01:58:08,362 [Test worker] INFO  org.springframework.boot.web.servlet.context.ServletWebServerApplicationContext - Root WebApplicationContext: initialization completed in 87 ms
2025-03-14 01:58:08,374 [Test worker] INFO  com.zaxxer.hikari.HikariDataSource - HikariPool-9 - Starting...
2025-03-14 01:58:08,375 [Test worker] INFO  com.zaxxer.hikari.pool.HikariPool - HikariPool-9 - Added connection conn70: url=jdbc:h2:mem:testdb user=SA
2025-03-14 01:58:08,375 [Test worker] INFO  com.zaxxer.hikari.HikariDataSource - HikariPool-9 - Start completed.
2025-03-14 01:58:08,376 [Test worker] INFO  liquibase.database - Set default schema name to PUBLIC
2025-03-14 01:58:08,395 [Test worker] INFO  liquibase.changelog - Creating database history table with name: PUBLIC.DATABASECHANGELOG
2025-03-14 01:58:08,396 [Test worker] INFO  liquibase.changelog - Reading from PUBLIC.DATABASECHANGELOG
2025-03-14 01:58:08,401 [Test worker] INFO  liquibase.lockservice - Successfully acquired change log lock
2025-03-14 01:58:08,401 [Test worker] INFO  liquibase.command - Using deploymentId: 1928288401
2025-03-14 01:58:08,402 [Test worker] INFO  liquibase.changelog - Reading from PUBLIC.DATABASECHANGELOG
2025-03-14 01:58:08,404 [Test worker] INFO  liquibase.ui - Running Changeset: liquibase/changes/create-entities-table.xml::1::your-name
2025-03-14 01:58:08,404 [Test worker] INFO  liquibase.changelog - Table entities created
2025-03-14 01:58:08,404 [Test worker] INFO  liquibase.changelog - ChangeSet liquibase/changes/create-entities-table.xml::1::your-name ran successfully in 0ms
2025-03-14 01:58:08,405 [Test worker] INFO  liquibase.ui - Running Changeset: liquibase/changes/create-users-table.xml::2::your-name
2025-03-14 01:58:08,406 [Test worker] INFO  liquibase.changelog - Table users created
2025-03-14 01:58:08,406 [Test worker] INFO  liquibase.changelog - ChangeSet liquibase/changes/create-users-table.xml::2::your-name ran successfully in 1ms
2025-03-14 01:58:08,407 [Test worker] INFO  liquibase.ui - Running Changeset: liquibase/changes/create-vehicles-table.xml::3::your-name
2025-03-14 01:58:08,408 [Test worker] INFO  liquibase.changelog - Table vehicles created
2025-03-14 01:58:08,408 [Test worker] INFO  liquibase.changelog - ChangeSet liquibase/changes/create-vehicles-table.xml::3::your-name ran successfully in 1ms
2025-03-14 01:58:08,408 [Test worker] INFO  liquibase.ui - Running Changeset: liquibase/changes/create-visits-table.xml::4::your-name
2025-03-14 01:58:08,409 [Test worker] INFO  liquibase.changelog - Table visits created
2025-03-14 01:58:08,409 [Test worker] INFO  liquibase.changelog - ChangeSet liquibase/changes/create-visits-table.xml::4::your-name ran successfully in 1ms
2025-03-14 01:58:08,410 [Test worker] INFO  liquibase.ui - Running Changeset: liquibase/changes/create-pocs-table.xml::6::your-name
2025-03-14 01:58:08,411 [Test worker] INFO  liquibase.changelog - Table pocs created
2025-03-14 01:58:08,411 [Test worker] INFO  liquibase.changelog - ChangeSet liquibase/changes/create-pocs-table.xml::6::your-name ran successfully in 1ms
2025-03-14 01:58:08,411 [Test worker] INFO  liquibase.ui - Running Changeset: liquibase/changes/create-events-table.xml::7::your-name
2025-03-14 01:58:08,412 [Test worker] INFO  liquibase.changelog - Table events created
2025-03-14 01:58:08,412 [Test worker] INFO  liquibase.changelog - ChangeSet liquibase/changes/create-events-table.xml::7::your-name ran successfully in 1ms
2025-03-14 01:58:08,413 [Test worker] INFO  liquibase.util - UPDATE SUMMARY
2025-03-14 01:58:08,413 [Test worker] INFO  liquibase.util - Run:                          6
2025-03-14 01:58:08,413 [Test worker] INFO  liquibase.util - Previously run:               0
2025-03-14 01:58:08,413 [Test worker] INFO  liquibase.util - Filtered out:                 0
2025-03-14 01:58:08,413 [Test worker] INFO  liquibase.util - -------------------------------
2025-03-14 01:58:08,413 [Test worker] INFO  liquibase.util - Total change sets:            6
2025-03-14 01:58:08,413 [Test worker] INFO  liquibase.util - Update summary generated
2025-03-14 01:58:08,413 [Test worker] INFO  liquibase.command - Update command completed successfully.
2025-03-14 01:58:08,413 [Test worker] INFO  liquibase.ui - Liquibase: Update has been successful. Rows affected: 6
2025-03-14 01:58:08,413 [Test worker] INFO  liquibase.lockservice - Successfully released change log lock
2025-03-14 01:58:08,413 [Test worker] INFO  liquibase.command - Command execution complete
2025-03-14 01:58:08,420 [Test worker] INFO  org.hibernate.jpa.internal.util.LogHelper - HHH000204: Processing PersistenceUnitInfo [name: default]
2025-03-14 01:58:08,421 [Test worker] INFO  org.hibernate.cache.internal.RegionFactoryInitiator - HHH000026: Second-level cache disabled
2025-03-14 01:58:08,423 [Test worker] INFO  org.springframework.orm.jpa.persistenceunit.SpringPersistenceUnitInfo - No LoadTimeWeaver setup: ignoring JPA class transformer
2025-03-14 01:58:08,424 [Test worker] WARN  org.hibernate.orm.deprecation - HHH90000025: H2Dialect does not need to be specified explicitly using 'hibernate.dialect' (remove the property setting and it will be selected by default)
2025-03-14 01:58:08,424 [Test worker] INFO  org.hibernate.orm.connections.pooling - HHH10001005: Database info:
	Database JDBC URL [Connecting through datasource 'HikariDataSource (HikariPool-9)']
	Database driver: undefined/unknown
	Database version: 2.3.232
	Autocommit mode: undefined/unknown
	Isolation level: undefined/unknown
	Minimum pool size: undefined/unknown
	Maximum pool size: undefined/unknown
2025-03-14 01:58:08,460 [Test worker] INFO  org.hibernate.engine.transaction.jta.platform.internal.JtaPlatformInitiator - HHH000489: No JTA platform available (set 'hibernate.transaction.jta.platform' to enable JTA platform integration)
Hibernate: 
    drop table if exists entities cascade 
Hibernate: 
    drop table if exists events cascade 
Hibernate: 
    drop table if exists pocs cascade 
Hibernate: 
    drop table if exists users cascade 
Hibernate: 
    drop table if exists vehicles cascade 
Hibernate: 
    drop table if exists visits cascade 
Hibernate: 
    create table entities (
        active boolean not null,
        parking_hours_allowed integer not null,
        sync_interval_minutes integer not null,
        created_at timestamp(6) not null,
        id bigint generated by default as identity,
        last_updated_at timestamp(6) not null,
        address varchar(255) not null,
        city varchar(255) not null,
        commune varchar(255) not null,
        contact_phone varchar(255) not null,
        name varchar(255) not null,
        region varchar(255) not null,
        tax_id varchar(255) not null,
        type varchar(255) not null,
        primary key (id)
    )
Hibernate: 
    create table events (
        type tinyint not null check (type between 0 and 1),
        created_at timestamp(6) not null,
        id bigint generated by default as identity,
        poc_id bigint not null,
        plate varchar(255) not null,
        primary key (id)
    )
Hibernate: 
    create table pocs (
        active boolean not null,
        type tinyint not null check (type between 0 and 1),
        created_at timestamp(6) not null,
        entity_id bigint not null,
        id bigint generated by default as identity,
        last_sync timestamp(6) not null,
        identifier varchar(255) not null unique,
        location varchar(255) not null,
        name varchar(255) not null,
        primary key (id)
    )
Hibernate: 
    create table users (
        type tinyint not null check (type between 0 and 3),
        created_at timestamp(6) not null,
        entity_id bigint not null,
        id bigint generated by default as identity,
        document varchar(255) not null,
        email varchar(255) not null unique,
        last_name varchar(255) not null,
        name varchar(255) not null,
        password varchar(255) not null,
        phone_number varchar(255) not null,
        primary key (id)
    )
Hibernate: 
    create table vehicles (
        vehicle_type tinyint not null check (vehicle_type between 0 and 1),
        created_at timestamp(6) not null,
        id bigint generated by default as identity,
        user_id bigint not null,
        plate varchar(255) not null,
        primary key (id)
    )
Hibernate: 
    create table visits (
        created_at timestamp(6) not null,
        expiration_date timestamp(6),
        id bigint generated by default as identity,
        resident_id bigint not null,
        last_name varchar(255) not null,
        name varchar(255) not null,
        vehicle_plate varchar(255) not null,
        primary key (id)
    )
Hibernate: 
    alter table if exists events 
       add constraint FKn5eht9xulbljxwxl1cfrsxyh6 
       foreign key (poc_id) 
       references pocs
Hibernate: 
    alter table if exists pocs 
       add constraint FKcwolwrishvr7h658htihn5xbu 
       foreign key (entity_id) 
       references entities
Hibernate: 
    alter table if exists users 
       add constraint FKhb1q1fcncex0uvlxs3h7vjofc 
       foreign key (entity_id) 
       references entities
Hibernate: 
    alter table if exists vehicles 
       add constraint FKo4u5y92lt2sx8y2dc1bb9sewc 
       foreign key (user_id) 
       references users
Hibernate: 
    alter table if exists visits 
       add constraint FKrvlqg952n1dtjfgun4mr8velu 
       foreign key (resident_id) 
       references users
2025-03-14 01:58:08,466 [Test worker] INFO  org.springframework.orm.jpa.LocalContainerEntityManagerFactoryBean - Initialized JPA EntityManagerFactory for persistence unit 'default'
2025-03-14 01:58:08,494 [Test worker] WARN  org.springframework.boot.autoconfigure.orm.jpa.JpaBaseConfiguration$JpaWebConfiguration - spring.jpa.open-in-view is enabled by default. Therefore, database queries may be performed during view rendering. Explicitly configure spring.jpa.open-in-view to disable this warning
2025-03-14 01:58:08,562 [Test worker] INFO  org.springframework.security.config.annotation.authentication.configuration.InitializeUserDetailsBeanManagerConfigurer$InitializeUserDetailsManagerConfigurer - Global AuthenticationManager configured with UserDetailsService bean with name userDetailsService
2025-03-14 01:58:08,635 [Test worker] INFO  org.apache.catalina.core.ContainerBase.[Tomcat].[localhost].[/] - Initializing Spring TestDispatcherServlet ''
2025-03-14 01:58:08,635 [Test worker] INFO  org.springframework.test.web.servlet.TestDispatcherServlet - Initializing Servlet ''
2025-03-14 01:58:08,635 [Test worker] INFO  org.springframework.test.web.servlet.TestDispatcherServlet - Completed initialization in 0 ms
2025-03-14 01:58:08,643 [Test worker] INFO  org.apache.coyote.http11.Http11NioProtocol - Starting ProtocolHandler ["http-nio-auto-8"]
2025-03-14 01:58:08,644 [Test worker] INFO  org.springframework.boot.web.embedded.tomcat.TomcatWebServer - Tomcat started on port 43963 (http) with context path '/'
2025-03-14 01:58:08,645 [Test worker] INFO  com.visp.gate_command.integration.UserIntegrationTest - Started UserIntegrationTest in 0.381 seconds (process running for 12.463)
2025-03-14 01:58:08,791 [Test worker] INFO  com.visp.gate_command.aop.LoggingAspect - Entering EntityControllerImpl.save with arguments: [{"id":null,"name":"name","type":"type","*****":"*****","region":"region","city":"city","commune":"commune","taxId":"*****","*****":"*****","syncIntervalMinutes":5,"parkingHoursAllowed":5,"active":true,"createdAt":null,"lastUpdatedAt":null}]
2025-03-14 01:58:08,791 [Test worker] INFO  com.visp.gate_command.aop.LoggingAspect - Entering EntityServiceImpl.create with arguments: [{"id":null,"name":"name","type":"type","*****":"*****","region":"region","city":"city","commune":"commune","taxId":"*****","*****":"*****","syncIntervalMinutes":5,"parkingHoursAllowed":5,"active":true,"createdAt":null,"lastUpdatedAt":null}]
Hibernate: 
    insert 
    into
        entities
        (active, address, city, commune, contact_phone, created_at, last_updated_at, name, parking_hours_allowed, region, sync_interval_minutes, tax_id, type, id) 
    values
        (?, ?, ?, ?, ?, ?, ?, ?, ?, ?, ?, ?, ?, default)
2025-03-14 01:58:08,794 [Test worker] WARN  com.visp.gate_command.aop.LoggingAspect - Failed to log result for EntityServiceImpl.create
2025-03-14 01:58:08,795 [Test worker] WARN  com.visp.gate_command.aop.LoggingAspect - Failed to log result for EntityControllerImpl.save
2025-03-14 01:58:08,869 [Test worker] WARN  com.visp.gate_command.aop.LoggingAspect - Failed to log arguments for UserControllerImpl.save
2025-03-14 01:58:08,870 [Test worker] WARN  com.visp.gate_command.aop.LoggingAspect - Failed to log arguments for UserServiceImpl.create
Hibernate: 
    select
        u1_0.id,
        u1_0.created_at,
        u1_0.document,
        u1_0.email,
        u1_0.entity_id,
        u1_0.last_name,
        u1_0.name,
        u1_0.password,
        u1_0.phone_number,
        u1_0.type 
    from
        users u1_0 
    where
        u1_0.email=?
Hibernate: 
    insert 
    into
        users
        (created_at, document, email, entity_id, last_name, name, password, phone_number, type, id) 
    values
        (?, ?, ?, ?, ?, ?, ?, ?, ?, default)
2025-03-14 01:58:08,873 [Test worker] WARN  com.visp.gate_command.aop.LoggingAspect - Failed to log result for UserServiceImpl.create
2025-03-14 01:58:08,873 [Test worker] WARN  com.visp.gate_command.aop.LoggingAspect - Failed to log result for UserControllerImpl.save
2025-03-14 01:58:08,908 [Test worker] INFO  org.springframework.boot.web.embedded.tomcat.GracefulShutdown - Commencing graceful shutdown. Waiting for active requests to complete
2025-03-14 01:58:08,909 [tomcat-shutdown] INFO  org.apache.coyote.http11.Http11NioProtocol - Pausing ProtocolHandler ["http-nio-auto-8-43963"]
2025-03-14 01:58:08,910 [tomcat-shutdown] INFO  org.springframework.boot.web.embedded.tomcat.GracefulShutdown - Graceful shutdown complete
2025-03-14 01:58:08,910 [Test worker] INFO  org.apache.coyote.http11.Http11NioProtocol - Stopping ProtocolHandler ["http-nio-auto-8"]
2025-03-14 01:58:08,911 [Test worker] INFO  org.springframework.orm.jpa.LocalContainerEntityManagerFactoryBean - Closing JPA EntityManagerFactory for persistence unit 'default'
Hibernate: 
    drop table if exists entities cascade 
Hibernate: 
    drop table if exists events cascade 
Hibernate: 
    drop table if exists pocs cascade 
Hibernate: 
    drop table if exists users cascade 
Hibernate: 
    drop table if exists vehicles cascade 
Hibernate: 
    drop table if exists visits cascade 
2025-03-14 01:58:08,913 [Test worker] INFO  com.zaxxer.hikari.HikariDataSource - HikariPool-9 - Shutdown initiated...
2025-03-14 01:58:08,913 [Test worker] INFO  com.zaxxer.hikari.HikariDataSource - HikariPool-9 - Shutdown completed.
01:58:08,940 |-INFO in ch.qos.logback.core.model.processor.AppenderModelHandler - Processing appender named [MASKED_CONSOLE]
01:58:08,940 |-INFO in ch.qos.logback.core.model.processor.AppenderModelHandler - About to instantiate appender of type [ch.qos.logback.core.ConsoleAppender]
01:58:08,940 |-INFO in ch.qos.logback.core.ConsoleAppender[MASKED_CONSOLE] - BEWARE: Writing to the console can be very slow. Avoid logging to the 
01:58:08,940 |-INFO in ch.qos.logback.core.ConsoleAppender[MASKED_CONSOLE] - console in production environments, especially in high volume systems.
01:58:08,940 |-INFO in ch.qos.logback.core.ConsoleAppender[MASKED_CONSOLE] - See also https://logback.qos.ch/codes.html#slowConsole
01:58:08,940 |-WARN in ch.qos.logback.core.model.processor.AppenderModelHandler - Appender named [JSON_CONSOLE] not referenced. Skipping further processing.
01:58:08,940 |-INFO in ch.qos.logback.classic.model.processor.RootLoggerModelHandler - Setting level of ROOT logger to INFO
01:58:08,940 |-INFO in ch.qos.logback.classic.jul.LevelChangePropagator@239fd6ab - Propagating INFO level on Logger[ROOT] onto the JUL framework
01:58:08,940 |-INFO in ch.qos.logback.core.model.processor.AppenderRefModelHandler - Attaching appender named [MASKED_CONSOLE] to Logger[ROOT]
01:58:08,940 |-INFO in ch.qos.logback.core.model.processor.DefaultProcessor@7511f616 - End of configuration.
01:58:08,940 |-INFO in org.springframework.boot.logging.logback.SpringBootJoranConfigurator@7cc6707d - Registering current configuration as safe fallback point


  .   ____          _            __ _ _
 /\\ / ___'_ __ _ _(_)_ __  __ _ \ \ \ \
( ( )\___ | '_ | '_| | '_ \/ _` | \ \ \ \
 \\/  ___)| |_)| | | | | || (_| |  ) ) ) )
  '  |____| .__|_| |_|_| |_\__, | / / / /
 =========|_|==============|___/=/_/_/_/

 :: Spring Boot ::                (v3.4.3)

2025-03-14 01:58:08,943 [Test worker] INFO  com.visp.gate_command.integration.UserIntegrationTest - Starting UserIntegrationTest using Java 21.0.6 with PID 102706 (started by emilio in /home/emilio/repos/gate-command)
2025-03-14 01:58:08,943 [Test worker] DEBUG com.visp.gate_command.integration.UserIntegrationTest - Running with Spring Boot v3.4.3, Spring v6.2.3
2025-03-14 01:58:08,943 [Test worker] INFO  com.visp.gate_command.integration.UserIntegrationTest - The following 1 profile is active: "intTest"
2025-03-14 01:58:08,977 [Test worker] INFO  org.springframework.data.repository.config.RepositoryConfigurationDelegate - Bootstrapping Spring Data JPA repositories in DEFAULT mode.
2025-03-14 01:58:08,982 [Test worker] INFO  org.springframework.data.repository.config.RepositoryConfigurationDelegate - Finished Spring Data repository scanning in 4 ms. Found 6 JPA repository interfaces.
2025-03-14 01:58:09,018 [Test worker] INFO  org.springframework.boot.web.embedded.tomcat.TomcatWebServer - Tomcat initialized with port 0 (http)
2025-03-14 01:58:09,019 [Test worker] INFO  org.apache.coyote.http11.Http11NioProtocol - Initializing ProtocolHandler ["http-nio-auto-9"]
2025-03-14 01:58:09,019 [Test worker] INFO  org.apache.catalina.core.StandardService - Starting service [Tomcat]
2025-03-14 01:58:09,019 [Test worker] INFO  org.apache.catalina.core.StandardEngine - Starting Servlet engine: [Apache Tomcat/10.1.36]
2025-03-14 01:58:09,024 [Test worker] INFO  org.apache.catalina.core.ContainerBase.[Tomcat].[localhost].[/] - Initializing Spring embedded WebApplicationContext
2025-03-14 01:58:09,024 [Test worker] INFO  org.springframework.boot.web.servlet.context.ServletWebServerApplicationContext - Root WebApplicationContext: initialization completed in 81 ms
2025-03-14 01:58:09,034 [Test worker] INFO  com.zaxxer.hikari.HikariDataSource - HikariPool-10 - Starting...
2025-03-14 01:58:09,035 [Test worker] INFO  com.zaxxer.hikari.pool.HikariPool - HikariPool-10 - Added connection conn80: url=jdbc:h2:mem:testdb user=SA
2025-03-14 01:58:09,035 [Test worker] INFO  com.zaxxer.hikari.HikariDataSource - HikariPool-10 - Start completed.
2025-03-14 01:58:09,036 [Test worker] INFO  liquibase.database - Set default schema name to PUBLIC
2025-03-14 01:58:09,051 [Test worker] INFO  liquibase.changelog - Creating database history table with name: PUBLIC.DATABASECHANGELOG
2025-03-14 01:58:09,052 [Test worker] INFO  liquibase.changelog - Reading from PUBLIC.DATABASECHANGELOG
2025-03-14 01:58:09,057 [Test worker] INFO  liquibase.lockservice - Successfully acquired change log lock
2025-03-14 01:58:09,057 [Test worker] INFO  liquibase.command - Using deploymentId: 1928289057
2025-03-14 01:58:09,057 [Test worker] INFO  liquibase.changelog - Reading from PUBLIC.DATABASECHANGELOG
2025-03-14 01:58:09,059 [Test worker] INFO  liquibase.ui - Running Changeset: liquibase/changes/create-entities-table.xml::1::your-name
2025-03-14 01:58:09,059 [Test worker] INFO  liquibase.changelog - Table entities created
2025-03-14 01:58:09,059 [Test worker] INFO  liquibase.changelog - ChangeSet liquibase/changes/create-entities-table.xml::1::your-name ran successfully in 0ms
2025-03-14 01:58:09,060 [Test worker] INFO  liquibase.ui - Running Changeset: liquibase/changes/create-users-table.xml::2::your-name
2025-03-14 01:58:09,061 [Test worker] INFO  liquibase.changelog - Table users created
2025-03-14 01:58:09,061 [Test worker] INFO  liquibase.changelog - ChangeSet liquibase/changes/create-users-table.xml::2::your-name ran successfully in 1ms
2025-03-14 01:58:09,062 [Test worker] INFO  liquibase.ui - Running Changeset: liquibase/changes/create-vehicles-table.xml::3::your-name
2025-03-14 01:58:09,062 [Test worker] INFO  liquibase.changelog - Table vehicles created
2025-03-14 01:58:09,062 [Test worker] INFO  liquibase.changelog - ChangeSet liquibase/changes/create-vehicles-table.xml::3::your-name ran successfully in 0ms
2025-03-14 01:58:09,063 [Test worker] INFO  liquibase.ui - Running Changeset: liquibase/changes/create-visits-table.xml::4::your-name
2025-03-14 01:58:09,064 [Test worker] INFO  liquibase.changelog - Table visits created
2025-03-14 01:58:09,064 [Test worker] INFO  liquibase.changelog - ChangeSet liquibase/changes/create-visits-table.xml::4::your-name ran successfully in 1ms
2025-03-14 01:58:09,064 [Test worker] INFO  liquibase.ui - Running Changeset: liquibase/changes/create-pocs-table.xml::6::your-name
2025-03-14 01:58:09,065 [Test worker] INFO  liquibase.changelog - Table pocs created
2025-03-14 01:58:09,065 [Test worker] INFO  liquibase.changelog - ChangeSet liquibase/changes/create-pocs-table.xml::6::your-name ran successfully in 1ms
2025-03-14 01:58:09,066 [Test worker] INFO  liquibase.ui - Running Changeset: liquibase/changes/create-events-table.xml::7::your-name
2025-03-14 01:58:09,067 [Test worker] INFO  liquibase.changelog - Table events created
2025-03-14 01:58:09,067 [Test worker] INFO  liquibase.changelog - ChangeSet liquibase/changes/create-events-table.xml::7::your-name ran successfully in 1ms
2025-03-14 01:58:09,067 [Test worker] INFO  liquibase.util - UPDATE SUMMARY
2025-03-14 01:58:09,067 [Test worker] INFO  liquibase.util - Run:                          6
2025-03-14 01:58:09,067 [Test worker] INFO  liquibase.util - Previously run:               0
2025-03-14 01:58:09,067 [Test worker] INFO  liquibase.util - Filtered out:                 0
2025-03-14 01:58:09,067 [Test worker] INFO  liquibase.util - -------------------------------
2025-03-14 01:58:09,067 [Test worker] INFO  liquibase.util - Total change sets:            6
2025-03-14 01:58:09,067 [Test worker] INFO  liquibase.util - Update summary generated
2025-03-14 01:58:09,067 [Test worker] INFO  liquibase.command - Update command completed successfully.
2025-03-14 01:58:09,067 [Test worker] INFO  liquibase.ui - Liquibase: Update has been successful. Rows affected: 6
2025-03-14 01:58:09,068 [Test worker] INFO  liquibase.lockservice - Successfully released change log lock
2025-03-14 01:58:09,068 [Test worker] INFO  liquibase.command - Command execution complete
2025-03-14 01:58:09,075 [Test worker] INFO  org.hibernate.jpa.internal.util.LogHelper - HHH000204: Processing PersistenceUnitInfo [name: default]
2025-03-14 01:58:09,076 [Test worker] INFO  org.hibernate.cache.internal.RegionFactoryInitiator - HHH000026: Second-level cache disabled
2025-03-14 01:58:09,080 [Test worker] INFO  org.springframework.orm.jpa.persistenceunit.SpringPersistenceUnitInfo - No LoadTimeWeaver setup: ignoring JPA class transformer
2025-03-14 01:58:09,080 [Test worker] WARN  org.hibernate.orm.deprecation - HHH90000025: H2Dialect does not need to be specified explicitly using 'hibernate.dialect' (remove the property setting and it will be selected by default)
2025-03-14 01:58:09,080 [Test worker] INFO  org.hibernate.orm.connections.pooling - HHH10001005: Database info:
	Database JDBC URL [Connecting through datasource 'HikariDataSource (HikariPool-10)']
	Database driver: undefined/unknown
	Database version: 2.3.232
	Autocommit mode: undefined/unknown
	Isolation level: undefined/unknown
	Minimum pool size: undefined/unknown
	Maximum pool size: undefined/unknown
2025-03-14 01:58:09,118 [Test worker] INFO  org.hibernate.engine.transaction.jta.platform.internal.JtaPlatformInitiator - HHH000489: No JTA platform available (set 'hibernate.transaction.jta.platform' to enable JTA platform integration)
Hibernate: 
    drop table if exists entities cascade 
Hibernate: 
    drop table if exists events cascade 
Hibernate: 
    drop table if exists pocs cascade 
Hibernate: 
    drop table if exists users cascade 
Hibernate: 
    drop table if exists vehicles cascade 
Hibernate: 
    drop table if exists visits cascade 
Hibernate: 
    create table entities (
        active boolean not null,
        parking_hours_allowed integer not null,
        sync_interval_minutes integer not null,
        created_at timestamp(6) not null,
        id bigint generated by default as identity,
        last_updated_at timestamp(6) not null,
        address varchar(255) not null,
        city varchar(255) not null,
        commune varchar(255) not null,
        contact_phone varchar(255) not null,
        name varchar(255) not null,
        region varchar(255) not null,
        tax_id varchar(255) not null,
        type varchar(255) not null,
        primary key (id)
    )
Hibernate: 
    create table events (
        type tinyint not null check (type between 0 and 1),
        created_at timestamp(6) not null,
        id bigint generated by default as identity,
        poc_id bigint not null,
        plate varchar(255) not null,
        primary key (id)
    )
Hibernate: 
    create table pocs (
        active boolean not null,
        type tinyint not null check (type between 0 and 1),
        created_at timestamp(6) not null,
        entity_id bigint not null,
        id bigint generated by default as identity,
        last_sync timestamp(6) not null,
        identifier varchar(255) not null unique,
        location varchar(255) not null,
        name varchar(255) not null,
        primary key (id)
    )
Hibernate: 
    create table users (
        type tinyint not null check (type between 0 and 3),
        created_at timestamp(6) not null,
        entity_id bigint not null,
        id bigint generated by default as identity,
        document varchar(255) not null,
        email varchar(255) not null unique,
        last_name varchar(255) not null,
        name varchar(255) not null,
        password varchar(255) not null,
        phone_number varchar(255) not null,
        primary key (id)
    )
Hibernate: 
    create table vehicles (
        vehicle_type tinyint not null check (vehicle_type between 0 and 1),
        created_at timestamp(6) not null,
        id bigint generated by default as identity,
        user_id bigint not null,
        plate varchar(255) not null,
        primary key (id)
    )
Hibernate: 
    create table visits (
        created_at timestamp(6) not null,
        expiration_date timestamp(6),
        id bigint generated by default as identity,
        resident_id bigint not null,
        last_name varchar(255) not null,
        name varchar(255) not null,
        vehicle_plate varchar(255) not null,
        primary key (id)
    )
Hibernate: 
    alter table if exists events 
       add constraint FKn5eht9xulbljxwxl1cfrsxyh6 
       foreign key (poc_id) 
       references pocs
Hibernate: 
    alter table if exists pocs 
       add constraint FKcwolwrishvr7h658htihn5xbu 
       foreign key (entity_id) 
       references entities
Hibernate: 
    alter table if exists users 
       add constraint FKhb1q1fcncex0uvlxs3h7vjofc 
       foreign key (entity_id) 
       references entities
Hibernate: 
    alter table if exists vehicles 
       add constraint FKo4u5y92lt2sx8y2dc1bb9sewc 
       foreign key (user_id) 
       references users
Hibernate: 
    alter table if exists visits 
       add constraint FKrvlqg952n1dtjfgun4mr8velu 
       foreign key (resident_id) 
       references users
2025-03-14 01:58:09,125 [Test worker] INFO  org.springframework.orm.jpa.LocalContainerEntityManagerFactoryBean - Initialized JPA EntityManagerFactory for persistence unit 'default'
2025-03-14 01:58:09,154 [Test worker] WARN  org.springframework.boot.autoconfigure.orm.jpa.JpaBaseConfiguration$JpaWebConfiguration - spring.jpa.open-in-view is enabled by default. Therefore, database queries may be performed during view rendering. Explicitly configure spring.jpa.open-in-view to disable this warning
2025-03-14 01:58:09,221 [Test worker] INFO  org.springframework.security.config.annotation.authentication.configuration.InitializeUserDetailsBeanManagerConfigurer$InitializeUserDetailsManagerConfigurer - Global AuthenticationManager configured with UserDetailsService bean with name userDetailsService
2025-03-14 01:58:09,291 [Test worker] INFO  org.apache.catalina.core.ContainerBase.[Tomcat].[localhost].[/] - Initializing Spring TestDispatcherServlet ''
2025-03-14 01:58:09,291 [Test worker] INFO  org.springframework.test.web.servlet.TestDispatcherServlet - Initializing Servlet ''
2025-03-14 01:58:09,291 [Test worker] INFO  org.springframework.test.web.servlet.TestDispatcherServlet - Completed initialization in 0 ms
2025-03-14 01:58:09,296 [Test worker] INFO  org.apache.coyote.http11.Http11NioProtocol - Starting ProtocolHandler ["http-nio-auto-9"]
2025-03-14 01:58:09,297 [Test worker] INFO  org.springframework.boot.web.embedded.tomcat.TomcatWebServer - Tomcat started on port 33879 (http) with context path '/'
2025-03-14 01:58:09,298 [Test worker] INFO  com.visp.gate_command.integration.UserIntegrationTest - Started UserIntegrationTest in 0.369 seconds (process running for 13.116)
2025-03-14 01:58:09,440 [Test worker] INFO  com.visp.gate_command.aop.LoggingAspect - Entering EntityControllerImpl.save with arguments: [{"id":null,"name":"name","type":"type","*****":"*****","region":"region","city":"city","commune":"commune","taxId":"*****","*****":"*****","syncIntervalMinutes":5,"parkingHoursAllowed":5,"active":true,"createdAt":null,"lastUpdatedAt":null}]
2025-03-14 01:58:09,440 [Test worker] INFO  com.visp.gate_command.aop.LoggingAspect - Entering EntityServiceImpl.create with arguments: [{"id":null,"name":"name","type":"type","*****":"*****","region":"region","city":"city","commune":"commune","taxId":"*****","*****":"*****","syncIntervalMinutes":5,"parkingHoursAllowed":5,"active":true,"createdAt":null,"lastUpdatedAt":null}]
Hibernate: 
    insert 
    into
        entities
        (active, address, city, commune, contact_phone, created_at, last_updated_at, name, parking_hours_allowed, region, sync_interval_minutes, tax_id, type, id) 
    values
        (?, ?, ?, ?, ?, ?, ?, ?, ?, ?, ?, ?, ?, default)
2025-03-14 01:58:09,443 [Test worker] WARN  com.visp.gate_command.aop.LoggingAspect - Failed to log result for EntityServiceImpl.create
2025-03-14 01:58:09,444 [Test worker] WARN  com.visp.gate_command.aop.LoggingAspect - Failed to log result for EntityControllerImpl.save
2025-03-14 01:58:09,511 [Test worker] WARN  com.visp.gate_command.aop.LoggingAspect - Failed to log arguments for UserControllerImpl.save
2025-03-14 01:58:09,512 [Test worker] WARN  com.visp.gate_command.aop.LoggingAspect - Failed to log arguments for UserServiceImpl.create
Hibernate: 
    select
        u1_0.id,
        u1_0.created_at,
        u1_0.document,
        u1_0.email,
        u1_0.entity_id,
        u1_0.last_name,
        u1_0.name,
        u1_0.password,
        u1_0.phone_number,
        u1_0.type 
    from
        users u1_0 
    where
        u1_0.email=?
Hibernate: 
    insert 
    into
        users
        (created_at, document, email, entity_id, last_name, name, password, phone_number, type, id) 
    values
        (?, ?, ?, ?, ?, ?, ?, ?, ?, default)
2025-03-14 01:58:09,514 [Test worker] WARN  com.visp.gate_command.aop.LoggingAspect - Failed to log result for UserServiceImpl.create
2025-03-14 01:58:09,515 [Test worker] WARN  com.visp.gate_command.aop.LoggingAspect - Failed to log result for UserControllerImpl.save
2025-03-14 01:58:09,587 [Test worker] WARN  com.visp.gate_command.aop.LoggingAspect - Failed to log arguments for UserControllerImpl.batchDelete
2025-03-14 01:58:09,588 [Test worker] WARN  com.visp.gate_command.aop.LoggingAspect - Failed to log arguments for UserServiceImpl.deactivateUsersWithFile
Hibernate: 
    select
        u1_0.id,
        u1_0.created_at,
        u1_0.document,
        u1_0.email,
        u1_0.entity_id,
        u1_0.last_name,
        u1_0.name,
        u1_0.password,
        u1_0.phone_number,
        u1_0.type 
    from
        users u1_0 
    where
        u1_0.document=?
2025-03-14 01:58:09,591 [Test worker] INFO  com.visp.gate_command.aop.LoggingAspect - Exiting UserServiceImpl.deactivateUsersWithFile with result: null
Hibernate: 
    delete 
    from
        users 
    where
        id=?
2025-03-14 01:58:09,592 [Test worker] INFO  com.visp.gate_command.aop.LoggingAspect - Exiting UserControllerImpl.batchDelete with result: {"headers":{},"body":null,"statusCodeValue":202,"statusCode":"ACCEPTED"}
2025-03-14 01:58:09,595 [Test worker] INFO  org.springframework.boot.web.embedded.tomcat.GracefulShutdown - Commencing graceful shutdown. Waiting for active requests to complete
2025-03-14 01:58:09,595 [tomcat-shutdown] INFO  org.apache.coyote.http11.Http11NioProtocol - Pausing ProtocolHandler ["http-nio-auto-9-33879"]
2025-03-14 01:58:09,596 [tomcat-shutdown] INFO  org.springframework.boot.web.embedded.tomcat.GracefulShutdown - Graceful shutdown complete
2025-03-14 01:58:09,596 [Test worker] INFO  org.apache.coyote.http11.Http11NioProtocol - Stopping ProtocolHandler ["http-nio-auto-9"]
2025-03-14 01:58:09,596 [Test worker] INFO  org.springframework.orm.jpa.LocalContainerEntityManagerFactoryBean - Closing JPA EntityManagerFactory for persistence unit 'default'
Hibernate: 
    drop table if exists entities cascade 
Hibernate: 
    drop table if exists events cascade 
Hibernate: 
    drop table if exists pocs cascade 
Hibernate: 
    drop table if exists users cascade 
Hibernate: 
    drop table if exists vehicles cascade 
Hibernate: 
    drop table if exists visits cascade 
2025-03-14 01:58:09,597 [Test worker] INFO  com.zaxxer.hikari.HikariDataSource - HikariPool-10 - Shutdown initiated...
2025-03-14 01:58:09,598 [Test worker] INFO  com.zaxxer.hikari.HikariDataSource - HikariPool-10 - Shutdown completed.
01:58:09,606 |-INFO in ch.qos.logback.core.model.processor.AppenderModelHandler - Processing appender named [MASKED_CONSOLE]
01:58:09,606 |-INFO in ch.qos.logback.core.model.processor.AppenderModelHandler - About to instantiate appender of type [ch.qos.logback.core.ConsoleAppender]
01:58:09,607 |-INFO in ch.qos.logback.core.ConsoleAppender[MASKED_CONSOLE] - BEWARE: Writing to the console can be very slow. Avoid logging to the 
01:58:09,607 |-INFO in ch.qos.logback.core.ConsoleAppender[MASKED_CONSOLE] - console in production environments, especially in high volume systems.
01:58:09,607 |-INFO in ch.qos.logback.core.ConsoleAppender[MASKED_CONSOLE] - See also https://logback.qos.ch/codes.html#slowConsole
01:58:09,607 |-WARN in ch.qos.logback.core.model.processor.AppenderModelHandler - Appender named [JSON_CONSOLE] not referenced. Skipping further processing.
01:58:09,607 |-INFO in ch.qos.logback.classic.model.processor.RootLoggerModelHandler - Setting level of ROOT logger to INFO
01:58:09,607 |-INFO in ch.qos.logback.classic.jul.LevelChangePropagator@1e7ea61a - Propagating INFO level on Logger[ROOT] onto the JUL framework
01:58:09,607 |-INFO in ch.qos.logback.core.model.processor.AppenderRefModelHandler - Attaching appender named [MASKED_CONSOLE] to Logger[ROOT]
01:58:09,607 |-INFO in ch.qos.logback.core.model.processor.DefaultProcessor@31e2de5e - End of configuration.
01:58:09,607 |-INFO in org.springframework.boot.logging.logback.SpringBootJoranConfigurator@2fbc7b4 - Registering current configuration as safe fallback point


  .   ____          _            __ _ _
 /\\ / ___'_ __ _ _(_)_ __  __ _ \ \ \ \
( ( )\___ | '_ | '_| | '_ \/ _` | \ \ \ \
 \\/  ___)| |_)| | | | | || (_| |  ) ) ) )
  '  |____| .__|_| |_|_| |_\__, | / / / /
 =========|_|==============|___/=/_/_/_/

 :: Spring Boot ::                (v3.4.3)

2025-03-14 01:58:09,608 [Test worker] INFO  com.visp.gate_command.integration.UserIntegrationTest - Starting UserIntegrationTest using Java 21.0.6 with PID 102706 (started by emilio in /home/emilio/repos/gate-command)
2025-03-14 01:58:09,608 [Test worker] DEBUG com.visp.gate_command.integration.UserIntegrationTest - Running with Spring Boot v3.4.3, Spring v6.2.3
2025-03-14 01:58:09,608 [Test worker] INFO  com.visp.gate_command.integration.UserIntegrationTest - The following 1 profile is active: "intTest"
2025-03-14 01:58:09,642 [Test worker] INFO  org.springframework.data.repository.config.RepositoryConfigurationDelegate - Bootstrapping Spring Data JPA repositories in DEFAULT mode.
2025-03-14 01:58:09,647 [Test worker] INFO  org.springframework.data.repository.config.RepositoryConfigurationDelegate - Finished Spring Data repository scanning in 4 ms. Found 6 JPA repository interfaces.
2025-03-14 01:58:09,682 [Test worker] INFO  org.springframework.boot.web.embedded.tomcat.TomcatWebServer - Tomcat initialized with port 0 (http)
2025-03-14 01:58:09,682 [Test worker] INFO  org.apache.coyote.http11.Http11NioProtocol - Initializing ProtocolHandler ["http-nio-auto-10"]
2025-03-14 01:58:09,682 [Test worker] INFO  org.apache.catalina.core.StandardService - Starting service [Tomcat]
2025-03-14 01:58:09,682 [Test worker] INFO  org.apache.catalina.core.StandardEngine - Starting Servlet engine: [Apache Tomcat/10.1.36]
2025-03-14 01:58:09,687 [Test worker] INFO  org.apache.catalina.core.ContainerBase.[Tomcat].[localhost].[/] - Initializing Spring embedded WebApplicationContext
2025-03-14 01:58:09,687 [Test worker] INFO  org.springframework.boot.web.servlet.context.ServletWebServerApplicationContext - Root WebApplicationContext: initialization completed in 78 ms
2025-03-14 01:58:09,697 [Test worker] INFO  com.zaxxer.hikari.HikariDataSource - HikariPool-11 - Starting...
2025-03-14 01:58:09,698 [Test worker] INFO  com.zaxxer.hikari.pool.HikariPool - HikariPool-11 - Added connection conn90: url=jdbc:h2:mem:testdb user=SA
2025-03-14 01:58:09,698 [Test worker] INFO  com.zaxxer.hikari.HikariDataSource - HikariPool-11 - Start completed.
2025-03-14 01:58:09,699 [Test worker] INFO  liquibase.database - Set default schema name to PUBLIC
2025-03-14 01:58:09,713 [Test worker] INFO  liquibase.changelog - Creating database history table with name: PUBLIC.DATABASECHANGELOG
2025-03-14 01:58:09,715 [Test worker] INFO  liquibase.changelog - Reading from PUBLIC.DATABASECHANGELOG
2025-03-14 01:58:09,719 [Test worker] INFO  liquibase.lockservice - Successfully acquired change log lock
2025-03-14 01:58:09,719 [Test worker] INFO  liquibase.command - Using deploymentId: 1928289719
2025-03-14 01:58:09,719 [Test worker] INFO  liquibase.changelog - Reading from PUBLIC.DATABASECHANGELOG
2025-03-14 01:58:09,721 [Test worker] INFO  liquibase.ui - Running Changeset: liquibase/changes/create-entities-table.xml::1::your-name
2025-03-14 01:58:09,722 [Test worker] INFO  liquibase.changelog - Table entities created
2025-03-14 01:58:09,722 [Test worker] INFO  liquibase.changelog - ChangeSet liquibase/changes/create-entities-table.xml::1::your-name ran successfully in 1ms
2025-03-14 01:58:09,723 [Test worker] INFO  liquibase.ui - Running Changeset: liquibase/changes/create-users-table.xml::2::your-name
2025-03-14 01:58:09,724 [Test worker] INFO  liquibase.changelog - Table users created
2025-03-14 01:58:09,724 [Test worker] INFO  liquibase.changelog - ChangeSet liquibase/changes/create-users-table.xml::2::your-name ran successfully in 1ms
2025-03-14 01:58:09,725 [Test worker] INFO  liquibase.ui - Running Changeset: liquibase/changes/create-vehicles-table.xml::3::your-name
2025-03-14 01:58:09,725 [Test worker] INFO  liquibase.changelog - Table vehicles created
2025-03-14 01:58:09,725 [Test worker] INFO  liquibase.changelog - ChangeSet liquibase/changes/create-vehicles-table.xml::3::your-name ran successfully in 0ms
2025-03-14 01:58:09,726 [Test worker] INFO  liquibase.ui - Running Changeset: liquibase/changes/create-visits-table.xml::4::your-name
2025-03-14 01:58:09,727 [Test worker] INFO  liquibase.changelog - Table visits created
2025-03-14 01:58:09,727 [Test worker] INFO  liquibase.changelog - ChangeSet liquibase/changes/create-visits-table.xml::4::your-name ran successfully in 1ms
2025-03-14 01:58:09,727 [Test worker] INFO  liquibase.ui - Running Changeset: liquibase/changes/create-pocs-table.xml::6::your-name
2025-03-14 01:58:09,728 [Test worker] INFO  liquibase.changelog - Table pocs created
2025-03-14 01:58:09,728 [Test worker] INFO  liquibase.changelog - ChangeSet liquibase/changes/create-pocs-table.xml::6::your-name ran successfully in 1ms
2025-03-14 01:58:09,729 [Test worker] INFO  liquibase.ui - Running Changeset: liquibase/changes/create-events-table.xml::7::your-name
2025-03-14 01:58:09,729 [Test worker] INFO  liquibase.changelog - Table events created
2025-03-14 01:58:09,729 [Test worker] INFO  liquibase.changelog - ChangeSet liquibase/changes/create-events-table.xml::7::your-name ran successfully in 0ms
2025-03-14 01:58:09,730 [Test worker] INFO  liquibase.util - UPDATE SUMMARY
2025-03-14 01:58:09,730 [Test worker] INFO  liquibase.util - Run:                          6
2025-03-14 01:58:09,730 [Test worker] INFO  liquibase.util - Previously run:               0
2025-03-14 01:58:09,730 [Test worker] INFO  liquibase.util - Filtered out:                 0
2025-03-14 01:58:09,730 [Test worker] INFO  liquibase.util - -------------------------------
2025-03-14 01:58:09,730 [Test worker] INFO  liquibase.util - Total change sets:            6
2025-03-14 01:58:09,730 [Test worker] INFO  liquibase.util - Update summary generated
2025-03-14 01:58:09,730 [Test worker] INFO  liquibase.command - Update command completed successfully.
2025-03-14 01:58:09,730 [Test worker] INFO  liquibase.ui - Liquibase: Update has been successful. Rows affected: 6
2025-03-14 01:58:09,730 [Test worker] INFO  liquibase.lockservice - Successfully released change log lock
2025-03-14 01:58:09,730 [Test worker] INFO  liquibase.command - Command execution complete
2025-03-14 01:58:09,738 [Test worker] INFO  org.hibernate.jpa.internal.util.LogHelper - HHH000204: Processing PersistenceUnitInfo [name: default]
2025-03-14 01:58:09,738 [Test worker] INFO  org.hibernate.cache.internal.RegionFactoryInitiator - HHH000026: Second-level cache disabled
2025-03-14 01:58:09,741 [Test worker] INFO  org.springframework.orm.jpa.persistenceunit.SpringPersistenceUnitInfo - No LoadTimeWeaver setup: ignoring JPA class transformer
2025-03-14 01:58:09,742 [Test worker] WARN  org.hibernate.orm.deprecation - HHH90000025: H2Dialect does not need to be specified explicitly using 'hibernate.dialect' (remove the property setting and it will be selected by default)
2025-03-14 01:58:09,742 [Test worker] INFO  org.hibernate.orm.connections.pooling - HHH10001005: Database info:
	Database JDBC URL [Connecting through datasource 'HikariDataSource (HikariPool-11)']
	Database driver: undefined/unknown
	Database version: 2.3.232
	Autocommit mode: undefined/unknown
	Isolation level: undefined/unknown
	Minimum pool size: undefined/unknown
	Maximum pool size: undefined/unknown
2025-03-14 01:58:09,774 [Test worker] INFO  org.hibernate.engine.transaction.jta.platform.internal.JtaPlatformInitiator - HHH000489: No JTA platform available (set 'hibernate.transaction.jta.platform' to enable JTA platform integration)
Hibernate: 
    drop table if exists entities cascade 
Hibernate: 
    drop table if exists events cascade 
Hibernate: 
    drop table if exists pocs cascade 
Hibernate: 
    drop table if exists users cascade 
Hibernate: 
    drop table if exists vehicles cascade 
Hibernate: 
    drop table if exists visits cascade 
Hibernate: 
    create table entities (
        active boolean not null,
        parking_hours_allowed integer not null,
        sync_interval_minutes integer not null,
        created_at timestamp(6) not null,
        id bigint generated by default as identity,
        last_updated_at timestamp(6) not null,
        address varchar(255) not null,
        city varchar(255) not null,
        commune varchar(255) not null,
        contact_phone varchar(255) not null,
        name varchar(255) not null,
        region varchar(255) not null,
        tax_id varchar(255) not null,
        type varchar(255) not null,
        primary key (id)
    )
Hibernate: 
    create table events (
        type tinyint not null check (type between 0 and 1),
        created_at timestamp(6) not null,
        id bigint generated by default as identity,
        poc_id bigint not null,
        plate varchar(255) not null,
        primary key (id)
    )
Hibernate: 
    create table pocs (
        active boolean not null,
        type tinyint not null check (type between 0 and 1),
        created_at timestamp(6) not null,
        entity_id bigint not null,
        id bigint generated by default as identity,
        last_sync timestamp(6) not null,
        identifier varchar(255) not null unique,
        location varchar(255) not null,
        name varchar(255) not null,
        primary key (id)
    )
Hibernate: 
    create table users (
        type tinyint not null check (type between 0 and 3),
        created_at timestamp(6) not null,
        entity_id bigint not null,
        id bigint generated by default as identity,
        document varchar(255) not null,
        email varchar(255) not null unique,
        last_name varchar(255) not null,
        name varchar(255) not null,
        password varchar(255) not null,
        phone_number varchar(255) not null,
        primary key (id)
    )
Hibernate: 
    create table vehicles (
        vehicle_type tinyint not null check (vehicle_type between 0 and 1),
        created_at timestamp(6) not null,
        id bigint generated by default as identity,
        user_id bigint not null,
        plate varchar(255) not null,
        primary key (id)
    )
Hibernate: 
    create table visits (
        created_at timestamp(6) not null,
        expiration_date timestamp(6),
        id bigint generated by default as identity,
        resident_id bigint not null,
        last_name varchar(255) not null,
        name varchar(255) not null,
        vehicle_plate varchar(255) not null,
        primary key (id)
    )
Hibernate: 
    alter table if exists events 
       add constraint FKn5eht9xulbljxwxl1cfrsxyh6 
       foreign key (poc_id) 
       references pocs
Hibernate: 
    alter table if exists pocs 
       add constraint FKcwolwrishvr7h658htihn5xbu 
       foreign key (entity_id) 
       references entities
Hibernate: 
    alter table if exists users 
       add constraint FKhb1q1fcncex0uvlxs3h7vjofc 
       foreign key (entity_id) 
       references entities
Hibernate: 
    alter table if exists vehicles 
       add constraint FKo4u5y92lt2sx8y2dc1bb9sewc 
       foreign key (user_id) 
       references users
Hibernate: 
    alter table if exists visits 
       add constraint FKrvlqg952n1dtjfgun4mr8velu 
       foreign key (resident_id) 
       references users
2025-03-14 01:58:09,779 [Test worker] INFO  org.springframework.orm.jpa.LocalContainerEntityManagerFactoryBean - Initialized JPA EntityManagerFactory for persistence unit 'default'
2025-03-14 01:58:09,809 [Test worker] WARN  org.springframework.boot.autoconfigure.orm.jpa.JpaBaseConfiguration$JpaWebConfiguration - spring.jpa.open-in-view is enabled by default. Therefore, database queries may be performed during view rendering. Explicitly configure spring.jpa.open-in-view to disable this warning
2025-03-14 01:58:09,878 [Test worker] INFO  org.springframework.security.config.annotation.authentication.configuration.InitializeUserDetailsBeanManagerConfigurer$InitializeUserDetailsManagerConfigurer - Global AuthenticationManager configured with UserDetailsService bean with name userDetailsService
2025-03-14 01:58:09,977 [Test worker] INFO  org.apache.catalina.core.ContainerBase.[Tomcat].[localhost].[/] - Initializing Spring TestDispatcherServlet ''
2025-03-14 01:58:09,977 [Test worker] INFO  org.springframework.test.web.servlet.TestDispatcherServlet - Initializing Servlet ''
2025-03-14 01:58:09,977 [Test worker] INFO  org.springframework.test.web.servlet.TestDispatcherServlet - Completed initialization in 0 ms
2025-03-14 01:58:09,982 [Test worker] INFO  org.apache.coyote.http11.Http11NioProtocol - Starting ProtocolHandler ["http-nio-auto-10"]
2025-03-14 01:58:09,983 [Test worker] INFO  org.springframework.boot.web.embedded.tomcat.TomcatWebServer - Tomcat started on port 34483 (http) with context path '/'
2025-03-14 01:58:09,984 [Test worker] INFO  com.visp.gate_command.integration.UserIntegrationTest - Started UserIntegrationTest in 0.384 seconds (process running for 13.802)
2025-03-14 01:58:10,119 [Test worker] INFO  com.visp.gate_command.aop.LoggingAspect - Entering EntityControllerImpl.save with arguments: [{"id":null,"name":"name","type":"type","*****":"*****","region":"region","city":"city","commune":"commune","taxId":"*****","*****":"*****","syncIntervalMinutes":5,"parkingHoursAllowed":5,"active":true,"createdAt":null,"lastUpdatedAt":null}]
2025-03-14 01:58:10,120 [Test worker] INFO  com.visp.gate_command.aop.LoggingAspect - Entering EntityServiceImpl.create with arguments: [{"id":null,"name":"name","type":"type","*****":"*****","region":"region","city":"city","commune":"commune","taxId":"*****","*****":"*****","syncIntervalMinutes":5,"parkingHoursAllowed":5,"active":true,"createdAt":null,"lastUpdatedAt":null}]
Hibernate: 
    insert 
    into
        entities
        (active, address, city, commune, contact_phone, created_at, last_updated_at, name, parking_hours_allowed, region, sync_interval_minutes, tax_id, type, id) 
    values
        (?, ?, ?, ?, ?, ?, ?, ?, ?, ?, ?, ?, ?, default)
2025-03-14 01:58:10,123 [Test worker] WARN  com.visp.gate_command.aop.LoggingAspect - Failed to log result for EntityServiceImpl.create
2025-03-14 01:58:10,124 [Test worker] WARN  com.visp.gate_command.aop.LoggingAspect - Failed to log result for EntityControllerImpl.save
2025-03-14 01:58:10,191 [Test worker] WARN  com.visp.gate_command.aop.LoggingAspect - Failed to log arguments for UserControllerImpl.batchSave
2025-03-14 01:58:10,192 [Test worker] WARN  com.visp.gate_command.aop.LoggingAspect - Failed to log arguments for UserServiceImpl.loadUsersWithFile
2025-03-14 01:58:10,192 [Test worker] INFO  com.visp.gate_command.aop.LoggingAspect - Entering EntityServiceImpl.findById with arguments: [1]
Hibernate: 
    select
        e1_0.id,
        e1_0.active,
        e1_0.address,
        e1_0.city,
        e1_0.commune,
        e1_0.contact_phone,
        e1_0.created_at,
        e1_0.last_updated_at,
        e1_0.name,
        e1_0.parking_hours_allowed,
        e1_0.region,
        e1_0.sync_interval_minutes,
        e1_0.tax_id,
        e1_0.type 
    from
        entities e1_0 
    where
        e1_0.id=?
2025-03-14 01:58:10,193 [Test worker] WARN  com.visp.gate_command.aop.LoggingAspect - Failed to log result for EntityServiceImpl.findById
Hibernate: 
    insert 
    into
        users
        (created_at, document, email, entity_id, last_name, name, password, phone_number, type, id) 
    values
        (?, ?, ?, ?, ?, ?, ?, ?, ?, default)
2025-03-14 01:58:10,257 [Test worker] INFO  com.visp.gate_command.aop.LoggingAspect - Exiting UserServiceImpl.loadUsersWithFile with result: null
2025-03-14 01:58:10,258 [Test worker] INFO  com.visp.gate_command.aop.LoggingAspect - Exiting UserControllerImpl.batchSave with result: {"headers":{},"body":null,"statusCodeValue":202,"statusCode":"ACCEPTED"}
2025-03-14 01:58:10,260 [Test worker] INFO  org.springframework.boot.web.embedded.tomcat.GracefulShutdown - Commencing graceful shutdown. Waiting for active requests to complete
2025-03-14 01:58:10,260 [tomcat-shutdown] INFO  org.apache.coyote.http11.Http11NioProtocol - Pausing ProtocolHandler ["http-nio-auto-10-34483"]
2025-03-14 01:58:10,261 [tomcat-shutdown] INFO  org.springframework.boot.web.embedded.tomcat.GracefulShutdown - Graceful shutdown complete
2025-03-14 01:58:10,261 [Test worker] INFO  org.apache.coyote.http11.Http11NioProtocol - Stopping ProtocolHandler ["http-nio-auto-10"]
2025-03-14 01:58:10,261 [Test worker] INFO  org.springframework.orm.jpa.LocalContainerEntityManagerFactoryBean - Closing JPA EntityManagerFactory for persistence unit 'default'
Hibernate: 
    drop table if exists entities cascade 
Hibernate: 
    drop table if exists events cascade 
Hibernate: 
    drop table if exists pocs cascade 
Hibernate: 
    drop table if exists users cascade 
Hibernate: 
    drop table if exists vehicles cascade 
Hibernate: 
    drop table if exists visits cascade 
2025-03-14 01:58:10,263 [Test worker] INFO  com.zaxxer.hikari.HikariDataSource - HikariPool-11 - Shutdown initiated...
2025-03-14 01:58:10,263 [Test worker] INFO  com.zaxxer.hikari.HikariDataSource - HikariPool-11 - Shutdown completed.
]]></system-out>
  <system-err><![CDATA[]]></system-err>
</testsuite>
