<?xml version="1.0" encoding="UTF-8"?>
<testsuite name="com.visp.gate_command.business.PocServiceImplTest" tests="3" skipped="0" failures="0" errors="0" timestamp="2025-03-14T04:58:01" hostname="emilio-X670-AORUS-ELITE-AX" time="0.034">
  <properties/>
  <testcase name="testCreate()" classname="com.visp.gate_command.business.PocServiceImplTest" time="0.031"/>
  <testcase name="testDelete()" classname="com.visp.gate_command.business.PocServiceImplTest" time="0.001"/>
  <testcase name="testUpdate()" classname="com.visp.gate_command.business.PocServiceImplTest" time="0.001"/>
  <system-out><![CDATA[]]></system-out>
  <system-err><![CDATA[]]></system-err>
</testsuite>
