<?xml version="1.0" encoding="UTF-8"?>
<testsuite name="com.visp.gate_command.controller.PocControllerImplTest" tests="4" skipped="0" failures="0" errors="0" timestamp="2025-03-14T04:58:02" hostname="emilio-X670-AORUS-ELITE-AX" time="0.005">
  <properties/>
  <testcase name="testRetrievePocByEntity()" classname="com.visp.gate_command.controller.PocControllerImplTest" time="0.003"/>
  <testcase name="testCreate()" classname="com.visp.gate_command.controller.PocControllerImplTest" time="0.001"/>
  <testcase name="testDelete()" classname="com.visp.gate_command.controller.PocControllerImplTest" time="0.0"/>
  <testcase name="testUpdate()" classname="com.visp.gate_command.controller.PocControllerImplTest" time="0.0"/>
  <system-out><![CDATA[]]></system-out>
  <system-err><![CDATA[]]></system-err>
</testsuite>
