<?xml version="1.0" encoding="UTF-8"?>
<testsuite name="com.visp.gate_command.integration.EntityIntegrationTest" tests="4" skipped="0" failures="0" errors="0" timestamp="2025-03-14T04:58:03" hostname="emilio-X670-AORUS-ELITE-AX" time="2.713">
  <properties/>
  <testcase name="testUpdateEntity()" classname="com.visp.gate_command.integration.EntityIntegrationTest" time="0.52"/>
  <testcase name="testCreateAndGetEntity()" classname="com.visp.gate_command.integration.EntityIntegrationTest" time="0.158"/>
  <testcase name="testDeleteEntity()" classname="com.visp.gate_command.integration.EntityIntegrationTest" time="0.371"/>
  <testcase name="testGetAllEntities()" classname="com.visp.gate_command.integration.EntityIntegrationTest" time="0.294"/>
  <system-out><![CDATA[2025-03-14 01:58:02,359 [Test worker] INFO  org.springframework.test.context.support.AnnotationConfigContextLoaderUtils - Could not detect default configuration classes for test class [com.visp.gate_command.integration.EntityIntegrationTest]: EntityIntegrationTest does not declare any static, non-private, non-final, nested classes annotated with @Configuration.
2025-03-14 01:58:02,363 [Test worker] INFO  org.springframework.boot.test.context.SpringBootTestContextBootstrapper - Found @SpringBootConfiguration com.visp.gate_command.GateCommandApplication for test class com.visp.gate_command.integration.EntityIntegrationTest

  .   ____          _            __ _ _
 /\\ / ___'_ __ _ _(_)_ __  __ _ \ \ \ \
( ( )\___ | '_ | '_| | '_ \/ _` | \ \ \ \
 \\/  ___)| |_)| | | | | || (_| |  ) ) ) )
  '  |____| .__|_| |_|_| |_\__, | / / / /
 =========|_|==============|___/=/_/_/_/

 :: Spring Boot ::                (v3.4.3)

2025-03-14 01:58:02,382 [Test worker] INFO  com.visp.gate_command.integration.EntityIntegrationTest - Starting EntityIntegrationTest using Java 21.0.6 with PID 102706 (started by emilio in /home/emilio/repos/gate-command)
2025-03-14 01:58:02,382 [Test worker] DEBUG com.visp.gate_command.integration.EntityIntegrationTest - Running with Spring Boot v3.4.3, Spring v6.2.3
2025-03-14 01:58:02,382 [Test worker] INFO  com.visp.gate_command.integration.EntityIntegrationTest - The following 1 profile is active: "intTest"
2025-03-14 01:58:02,433 [Test worker] INFO  org.springframework.data.repository.config.RepositoryConfigurationDelegate - Bootstrapping Spring Data JPA repositories in DEFAULT mode.
2025-03-14 01:58:02,440 [Test worker] INFO  org.springframework.data.repository.config.RepositoryConfigurationDelegate - Finished Spring Data repository scanning in 6 ms. Found 6 JPA repository interfaces.
2025-03-14 01:58:02,582 [Test worker] INFO  org.springframework.boot.web.embedded.tomcat.TomcatWebServer - Tomcat initialized with port 0 (http)
2025-03-14 01:58:02,593 [Test worker] INFO  org.apache.coyote.http11.Http11NioProtocol - Initializing ProtocolHandler ["http-nio-auto-1"]
2025-03-14 01:58:02,594 [Test worker] INFO  org.apache.catalina.core.StandardService - Starting service [Tomcat]
2025-03-14 01:58:02,594 [Test worker] INFO  org.apache.catalina.core.StandardEngine - Starting Servlet engine: [Apache Tomcat/10.1.36]
2025-03-14 01:58:02,623 [Test worker] INFO  org.apache.catalina.core.ContainerBase.[Tomcat].[localhost].[/] - Initializing Spring embedded WebApplicationContext
2025-03-14 01:58:02,623 [Test worker] INFO  org.springframework.boot.web.servlet.context.ServletWebServerApplicationContext - Root WebApplicationContext: initialization completed in 240 ms
2025-03-14 01:58:02,667 [Test worker] INFO  com.zaxxer.hikari.HikariDataSource - HikariPool-2 - Starting...
2025-03-14 01:58:02,898 [Test worker] INFO  com.zaxxer.hikari.pool.HikariPool - HikariPool-2 - Added connection conn0: url=jdbc:h2:mem:testdb user=SA
2025-03-14 01:58:02,899 [Test worker] INFO  com.zaxxer.hikari.HikariDataSource - HikariPool-2 - Start completed.
2025-03-14 01:58:02,920 [Test worker] INFO  liquibase.database - Set default schema name to PUBLIC
2025-03-14 01:58:02,951 [Test worker] INFO  liquibase.changelog - Creating database history table with name: PUBLIC.DATABASECHANGELOG
2025-03-14 01:58:02,972 [Test worker] INFO  liquibase.changelog - Reading from PUBLIC.DATABASECHANGELOG
2025-03-14 01:58:03,000 [Test worker] INFO  liquibase.lockservice - Successfully acquired change log lock
2025-03-14 01:58:03,001 [Test worker] INFO  liquibase.command - Using deploymentId: 1928283001
2025-03-14 01:58:03,001 [Test worker] INFO  liquibase.changelog - Reading from PUBLIC.DATABASECHANGELOG
2025-03-14 01:58:03,007 [Test worker] INFO  liquibase.ui - Running Changeset: liquibase/changes/create-entities-table.xml::1::your-name
2025-03-14 01:58:03,011 [Test worker] INFO  liquibase.changelog - Table entities created
2025-03-14 01:58:03,012 [Test worker] INFO  liquibase.changelog - ChangeSet liquibase/changes/create-entities-table.xml::1::your-name ran successfully in 5ms
2025-03-14 01:58:03,016 [Test worker] INFO  liquibase.ui - Running Changeset: liquibase/changes/create-users-table.xml::2::your-name
2025-03-14 01:58:03,022 [Test worker] INFO  liquibase.changelog - Table users created
2025-03-14 01:58:03,022 [Test worker] INFO  liquibase.changelog - ChangeSet liquibase/changes/create-users-table.xml::2::your-name ran successfully in 6ms
2025-03-14 01:58:03,023 [Test worker] INFO  liquibase.ui - Running Changeset: liquibase/changes/create-vehicles-table.xml::3::your-name
2025-03-14 01:58:03,025 [Test worker] INFO  liquibase.changelog - Table vehicles created
2025-03-14 01:58:03,025 [Test worker] INFO  liquibase.changelog - ChangeSet liquibase/changes/create-vehicles-table.xml::3::your-name ran successfully in 2ms
2025-03-14 01:58:03,026 [Test worker] INFO  liquibase.ui - Running Changeset: liquibase/changes/create-visits-table.xml::4::your-name
2025-03-14 01:58:03,028 [Test worker] INFO  liquibase.changelog - Table visits created
2025-03-14 01:58:03,028 [Test worker] INFO  liquibase.changelog - ChangeSet liquibase/changes/create-visits-table.xml::4::your-name ran successfully in 1ms
2025-03-14 01:58:03,030 [Test worker] INFO  liquibase.ui - Running Changeset: liquibase/changes/create-pocs-table.xml::6::your-name
2025-03-14 01:58:03,032 [Test worker] INFO  liquibase.changelog - Table pocs created
2025-03-14 01:58:03,032 [Test worker] INFO  liquibase.changelog - ChangeSet liquibase/changes/create-pocs-table.xml::6::your-name ran successfully in 2ms
2025-03-14 01:58:03,033 [Test worker] INFO  liquibase.ui - Running Changeset: liquibase/changes/create-events-table.xml::7::your-name
2025-03-14 01:58:03,035 [Test worker] INFO  liquibase.changelog - Table events created
2025-03-14 01:58:03,035 [Test worker] INFO  liquibase.changelog - ChangeSet liquibase/changes/create-events-table.xml::7::your-name ran successfully in 2ms
2025-03-14 01:58:03,036 [Test worker] INFO  liquibase.util - UPDATE SUMMARY
2025-03-14 01:58:03,036 [Test worker] INFO  liquibase.util - Run:                          6
2025-03-14 01:58:03,036 [Test worker] INFO  liquibase.util - Previously run:               0
2025-03-14 01:58:03,036 [Test worker] INFO  liquibase.util - Filtered out:                 0
2025-03-14 01:58:03,036 [Test worker] INFO  liquibase.util - -------------------------------
2025-03-14 01:58:03,036 [Test worker] INFO  liquibase.util - Total change sets:            6
2025-03-14 01:58:03,036 [Test worker] INFO  liquibase.util - Update summary generated
2025-03-14 01:58:03,037 [Test worker] INFO  liquibase.command - Update command completed successfully.
2025-03-14 01:58:03,037 [Test worker] INFO  liquibase.ui - Liquibase: Update has been successful. Rows affected: 6
2025-03-14 01:58:03,038 [Test worker] INFO  liquibase.lockservice - Successfully released change log lock
2025-03-14 01:58:03,038 [Test worker] INFO  liquibase.command - Command execution complete
2025-03-14 01:58:03,051 [Test worker] INFO  org.hibernate.jpa.internal.util.LogHelper - HHH000204: Processing PersistenceUnitInfo [name: default]
2025-03-14 01:58:03,052 [Test worker] INFO  org.hibernate.cache.internal.RegionFactoryInitiator - HHH000026: Second-level cache disabled
2025-03-14 01:58:03,055 [Test worker] INFO  org.springframework.orm.jpa.persistenceunit.SpringPersistenceUnitInfo - No LoadTimeWeaver setup: ignoring JPA class transformer
2025-03-14 01:58:03,057 [Test worker] WARN  org.hibernate.orm.deprecation - HHH90000025: H2Dialect does not need to be specified explicitly using 'hibernate.dialect' (remove the property setting and it will be selected by default)
2025-03-14 01:58:03,059 [Test worker] INFO  org.hibernate.orm.connections.pooling - HHH10001005: Database info:
	Database JDBC URL [Connecting through datasource 'HikariDataSource (HikariPool-2)']
	Database driver: undefined/unknown
	Database version: 2.3.232
	Autocommit mode: undefined/unknown
	Isolation level: undefined/unknown
	Minimum pool size: undefined/unknown
	Maximum pool size: undefined/unknown
2025-03-14 01:58:03,142 [Test worker] INFO  org.hibernate.engine.transaction.jta.platform.internal.JtaPlatformInitiator - HHH000489: No JTA platform available (set 'hibernate.transaction.jta.platform' to enable JTA platform integration)
Hibernate: 
    drop table if exists entities cascade 
Hibernate: 
    drop table if exists events cascade 
Hibernate: 
    drop table if exists pocs cascade 
Hibernate: 
    drop table if exists users cascade 
Hibernate: 
    drop table if exists vehicles cascade 
Hibernate: 
    drop table if exists visits cascade 
Hibernate: 
    create table entities (
        active boolean not null,
        parking_hours_allowed integer not null,
        sync_interval_minutes integer not null,
        created_at timestamp(6) not null,
        id bigint generated by default as identity,
        last_updated_at timestamp(6) not null,
        address varchar(255) not null,
        city varchar(255) not null,
        commune varchar(255) not null,
        contact_phone varchar(255) not null,
        name varchar(255) not null,
        region varchar(255) not null,
        tax_id varchar(255) not null,
        type varchar(255) not null,
        primary key (id)
    )
Hibernate: 
    create table events (
        type tinyint not null check (type between 0 and 1),
        created_at timestamp(6) not null,
        id bigint generated by default as identity,
        poc_id bigint not null,
        plate varchar(255) not null,
        primary key (id)
    )
Hibernate: 
    create table pocs (
        active boolean not null,
        type tinyint not null check (type between 0 and 1),
        created_at timestamp(6) not null,
        entity_id bigint not null,
        id bigint generated by default as identity,
        last_sync timestamp(6) not null,
        identifier varchar(255) not null unique,
        location varchar(255) not null,
        name varchar(255) not null,
        primary key (id)
    )
Hibernate: 
    create table users (
        type tinyint not null check (type between 0 and 3),
        created_at timestamp(6) not null,
        entity_id bigint not null,
        id bigint generated by default as identity,
        document varchar(255) not null,
        email varchar(255) not null unique,
        last_name varchar(255) not null,
        name varchar(255) not null,
        password varchar(255) not null,
        phone_number varchar(255) not null,
        primary key (id)
    )
Hibernate: 
    create table vehicles (
        vehicle_type tinyint not null check (vehicle_type between 0 and 1),
        created_at timestamp(6) not null,
        id bigint generated by default as identity,
        user_id bigint not null,
        plate varchar(255) not null,
        primary key (id)
    )
Hibernate: 
    create table visits (
        created_at timestamp(6) not null,
        expiration_date timestamp(6),
        id bigint generated by default as identity,
        resident_id bigint not null,
        last_name varchar(255) not null,
        name varchar(255) not null,
        vehicle_plate varchar(255) not null,
        primary key (id)
    )
Hibernate: 
    alter table if exists events 
       add constraint FKn5eht9xulbljxwxl1cfrsxyh6 
       foreign key (poc_id) 
       references pocs
Hibernate: 
    alter table if exists pocs 
       add constraint FKcwolwrishvr7h658htihn5xbu 
       foreign key (entity_id) 
       references entities
Hibernate: 
    alter table if exists users 
       add constraint FKhb1q1fcncex0uvlxs3h7vjofc 
       foreign key (entity_id) 
       references entities
Hibernate: 
    alter table if exists vehicles 
       add constraint FKo4u5y92lt2sx8y2dc1bb9sewc 
       foreign key (user_id) 
       references users
Hibernate: 
    alter table if exists visits 
       add constraint FKrvlqg952n1dtjfgun4mr8velu 
       foreign key (resident_id) 
       references users
2025-03-14 01:58:03,169 [Test worker] INFO  org.springframework.orm.jpa.LocalContainerEntityManagerFactoryBean - Initialized JPA EntityManagerFactory for persistence unit 'default'
2025-03-14 01:58:03,213 [Test worker] WARN  org.springframework.boot.autoconfigure.orm.jpa.JpaBaseConfiguration$JpaWebConfiguration - spring.jpa.open-in-view is enabled by default. Therefore, database queries may be performed during view rendering. Explicitly configure spring.jpa.open-in-view to disable this warning
2025-03-14 01:58:03,282 [Test worker] INFO  org.springframework.security.config.annotation.authentication.configuration.InitializeUserDetailsBeanManagerConfigurer$InitializeUserDetailsManagerConfigurer - Global AuthenticationManager configured with UserDetailsService bean with name userDetailsService
2025-03-14 01:58:03,438 [Test worker] INFO  org.apache.coyote.http11.Http11NioProtocol - Starting ProtocolHandler ["http-nio-auto-1"]
2025-03-14 01:58:03,446 [Test worker] INFO  org.springframework.boot.web.embedded.tomcat.TomcatWebServer - Tomcat started on port 45179 (http) with context path '/'
2025-03-14 01:58:03,449 [Test worker] INFO  com.visp.gate_command.integration.EntityIntegrationTest - Started EntityIntegrationTest in 1.083 seconds (process running for 7.267)
2025-03-14 01:58:03,569 [http-nio-auto-1-exec-1] INFO  org.apache.catalina.core.ContainerBase.[Tomcat].[localhost].[/] - Initializing Spring DispatcherServlet 'dispatcherServlet'
2025-03-14 01:58:03,569 [http-nio-auto-1-exec-1] INFO  org.springframework.web.servlet.DispatcherServlet - Initializing Servlet 'dispatcherServlet'
2025-03-14 01:58:03,570 [http-nio-auto-1-exec-1] INFO  org.springframework.web.servlet.DispatcherServlet - Completed initialization in 1 ms
2025-03-14 01:58:03,750 [http-nio-auto-1-exec-1] INFO  com.visp.gate_command.aop.LoggingAspect - Entering EntityControllerImpl.save with arguments: [{"id":null,"name":"name","type":"type","*****":"*****","region":"region","city":"city","commune":"commune","taxId":"*****","*****":"*****","syncIntervalMinutes":5,"parkingHoursAllowed":5,"active":true,"createdAt":null,"lastUpdatedAt":null}]
2025-03-14 01:58:03,751 [http-nio-auto-1-exec-1] INFO  com.visp.gate_command.aop.LoggingAspect - Entering EntityServiceImpl.create with arguments: [{"id":null,"name":"name","type":"type","*****":"*****","region":"region","city":"city","commune":"commune","taxId":"*****","*****":"*****","syncIntervalMinutes":5,"parkingHoursAllowed":5,"active":true,"createdAt":null,"lastUpdatedAt":null}]
Hibernate: 
    insert 
    into
        entities
        (active, address, city, commune, contact_phone, created_at, last_updated_at, name, parking_hours_allowed, region, sync_interval_minutes, tax_id, type, id) 
    values
        (?, ?, ?, ?, ?, ?, ?, ?, ?, ?, ?, ?, ?, default)
2025-03-14 01:58:03,819 [http-nio-auto-1-exec-1] WARN  com.visp.gate_command.aop.LoggingAspect - Failed to log result for EntityServiceImpl.create
2025-03-14 01:58:03,832 [http-nio-auto-1-exec-1] WARN  com.visp.gate_command.aop.LoggingAspect - Failed to log result for EntityControllerImpl.save
2025-03-14 01:58:03,922 [http-nio-auto-1-exec-2] WARN  com.visp.gate_command.aop.LoggingAspect - Failed to log arguments for EntityControllerImpl.update
2025-03-14 01:58:03,923 [http-nio-auto-1-exec-2] WARN  com.visp.gate_command.aop.LoggingAspect - Failed to log arguments for EntityServiceImpl.update
Hibernate: 
    select
        e1_0.id,
        e1_0.active,
        e1_0.address,
        e1_0.city,
        e1_0.commune,
        e1_0.contact_phone,
        e1_0.created_at,
        e1_0.last_updated_at,
        e1_0.name,
        e1_0.parking_hours_allowed,
        e1_0.region,
        e1_0.sync_interval_minutes,
        e1_0.tax_id,
        e1_0.type 
    from
        entities e1_0 
    where
        e1_0.id=?
Hibernate: 
    update
        entities 
    set
        active=?,
        address=?,
        city=?,
        commune=?,
        contact_phone=?,
        last_updated_at=?,
        name=?,
        parking_hours_allowed=?,
        region=?,
        sync_interval_minutes=?,
        tax_id=?,
        type=? 
    where
        id=?
2025-03-14 01:58:03,956 [http-nio-auto-1-exec-2] WARN  com.visp.gate_command.aop.LoggingAspect - Failed to log result for EntityServiceImpl.update
2025-03-14 01:58:03,956 [http-nio-auto-1-exec-2] WARN  com.visp.gate_command.aop.LoggingAspect - Failed to log result for EntityControllerImpl.update
2025-03-14 01:58:03,960 [Test worker] INFO  org.springframework.boot.web.embedded.tomcat.GracefulShutdown - Commencing graceful shutdown. Waiting for active requests to complete
2025-03-14 01:58:03,961 [tomcat-shutdown] INFO  org.apache.coyote.http11.Http11NioProtocol - Pausing ProtocolHandler ["http-nio-auto-1-45179"]
2025-03-14 01:58:03,962 [tomcat-shutdown] INFO  org.springframework.boot.web.embedded.tomcat.GracefulShutdown - Graceful shutdown complete
2025-03-14 01:58:03,962 [Test worker] INFO  org.apache.coyote.http11.Http11NioProtocol - Stopping ProtocolHandler ["http-nio-auto-1"]
2025-03-14 01:58:03,964 [Test worker] INFO  org.springframework.orm.jpa.LocalContainerEntityManagerFactoryBean - Closing JPA EntityManagerFactory for persistence unit 'default'
Hibernate: 
    drop table if exists entities cascade 
Hibernate: 
    drop table if exists events cascade 
Hibernate: 
    drop table if exists pocs cascade 
Hibernate: 
    drop table if exists users cascade 
Hibernate: 
    drop table if exists vehicles cascade 
Hibernate: 
    drop table if exists visits cascade 
2025-03-14 01:58:03,968 [Test worker] INFO  com.zaxxer.hikari.HikariDataSource - HikariPool-2 - Shutdown initiated...
2025-03-14 01:58:03,969 [Test worker] INFO  com.zaxxer.hikari.HikariDataSource - HikariPool-2 - Shutdown completed.
01:58:03,984 |-INFO in ch.qos.logback.core.model.processor.AppenderModelHandler - Processing appender named [MASKED_CONSOLE]
01:58:03,984 |-INFO in ch.qos.logback.core.model.processor.AppenderModelHandler - About to instantiate appender of type [ch.qos.logback.core.ConsoleAppender]
01:58:03,984 |-INFO in ch.qos.logback.core.ConsoleAppender[MASKED_CONSOLE] - BEWARE: Writing to the console can be very slow. Avoid logging to the 
01:58:03,984 |-INFO in ch.qos.logback.core.ConsoleAppender[MASKED_CONSOLE] - console in production environments, especially in high volume systems.
01:58:03,984 |-INFO in ch.qos.logback.core.ConsoleAppender[MASKED_CONSOLE] - See also https://logback.qos.ch/codes.html#slowConsole
01:58:03,984 |-WARN in ch.qos.logback.core.model.processor.AppenderModelHandler - Appender named [JSON_CONSOLE] not referenced. Skipping further processing.
01:58:03,984 |-INFO in ch.qos.logback.classic.model.processor.RootLoggerModelHandler - Setting level of ROOT logger to INFO
01:58:03,984 |-INFO in ch.qos.logback.classic.jul.LevelChangePropagator@35f83b2c - Propagating INFO level on Logger[ROOT] onto the JUL framework
01:58:03,984 |-INFO in ch.qos.logback.core.model.processor.AppenderRefModelHandler - Attaching appender named [MASKED_CONSOLE] to Logger[ROOT]
01:58:03,984 |-INFO in ch.qos.logback.core.model.processor.DefaultProcessor@72a75c26 - End of configuration.
01:58:03,984 |-INFO in org.springframework.boot.logging.logback.SpringBootJoranConfigurator@6329c036 - Registering current configuration as safe fallback point


  .   ____          _            __ _ _
 /\\ / ___'_ __ _ _(_)_ __  __ _ \ \ \ \
( ( )\___ | '_ | '_| | '_ \/ _` | \ \ \ \
 \\/  ___)| |_)| | | | | || (_| |  ) ) ) )
  '  |____| .__|_| |_|_| |_\__, | / / / /
 =========|_|==============|___/=/_/_/_/

 :: Spring Boot ::                (v3.4.3)

2025-03-14 01:58:03,986 [Test worker] INFO  com.visp.gate_command.integration.EntityIntegrationTest - Starting EntityIntegrationTest using Java 21.0.6 with PID 102706 (started by emilio in /home/emilio/repos/gate-command)
2025-03-14 01:58:03,987 [Test worker] DEBUG com.visp.gate_command.integration.EntityIntegrationTest - Running with Spring Boot v3.4.3, Spring v6.2.3
2025-03-14 01:58:03,987 [Test worker] INFO  com.visp.gate_command.integration.EntityIntegrationTest - The following 1 profile is active: "intTest"
2025-03-14 01:58:04,038 [Test worker] INFO  org.springframework.data.repository.config.RepositoryConfigurationDelegate - Bootstrapping Spring Data JPA repositories in DEFAULT mode.
2025-03-14 01:58:04,044 [Test worker] INFO  org.springframework.data.repository.config.RepositoryConfigurationDelegate - Finished Spring Data repository scanning in 5 ms. Found 6 JPA repository interfaces.
2025-03-14 01:58:04,097 [Test worker] INFO  org.springframework.boot.web.embedded.tomcat.TomcatWebServer - Tomcat initialized with port 0 (http)
2025-03-14 01:58:04,098 [Test worker] INFO  org.apache.coyote.http11.Http11NioProtocol - Initializing ProtocolHandler ["http-nio-auto-2"]
2025-03-14 01:58:04,098 [Test worker] INFO  org.apache.catalina.core.StandardService - Starting service [Tomcat]
2025-03-14 01:58:04,098 [Test worker] INFO  org.apache.catalina.core.StandardEngine - Starting Servlet engine: [Apache Tomcat/10.1.36]
2025-03-14 01:58:04,104 [Test worker] INFO  org.apache.catalina.core.ContainerBase.[Tomcat].[localhost].[/] - Initializing Spring embedded WebApplicationContext
2025-03-14 01:58:04,104 [Test worker] INFO  org.springframework.boot.web.servlet.context.ServletWebServerApplicationContext - Root WebApplicationContext: initialization completed in 117 ms
2025-03-14 01:58:04,116 [Test worker] INFO  com.zaxxer.hikari.HikariDataSource - HikariPool-3 - Starting...
2025-03-14 01:58:04,117 [Test worker] INFO  com.zaxxer.hikari.pool.HikariPool - HikariPool-3 - Added connection conn10: url=jdbc:h2:mem:testdb user=SA
2025-03-14 01:58:04,117 [Test worker] INFO  com.zaxxer.hikari.HikariDataSource - HikariPool-3 - Start completed.
2025-03-14 01:58:04,118 [Test worker] INFO  liquibase.database - Set default schema name to PUBLIC
2025-03-14 01:58:04,141 [Test worker] INFO  liquibase.changelog - Creating database history table with name: PUBLIC.DATABASECHANGELOG
2025-03-14 01:58:04,143 [Test worker] INFO  liquibase.changelog - Reading from PUBLIC.DATABASECHANGELOG
2025-03-14 01:58:04,149 [Test worker] INFO  liquibase.lockservice - Successfully acquired change log lock
2025-03-14 01:58:04,149 [Test worker] INFO  liquibase.command - Using deploymentId: 1928284149
2025-03-14 01:58:04,150 [Test worker] INFO  liquibase.changelog - Reading from PUBLIC.DATABASECHANGELOG
2025-03-14 01:58:04,153 [Test worker] INFO  liquibase.ui - Running Changeset: liquibase/changes/create-entities-table.xml::1::your-name
2025-03-14 01:58:04,154 [Test worker] INFO  liquibase.changelog - Table entities created
2025-03-14 01:58:04,154 [Test worker] INFO  liquibase.changelog - ChangeSet liquibase/changes/create-entities-table.xml::1::your-name ran successfully in 1ms
2025-03-14 01:58:04,155 [Test worker] INFO  liquibase.ui - Running Changeset: liquibase/changes/create-users-table.xml::2::your-name
2025-03-14 01:58:04,157 [Test worker] INFO  liquibase.changelog - Table users created
2025-03-14 01:58:04,158 [Test worker] INFO  liquibase.changelog - ChangeSet liquibase/changes/create-users-table.xml::2::your-name ran successfully in 2ms
2025-03-14 01:58:04,158 [Test worker] INFO  liquibase.ui - Running Changeset: liquibase/changes/create-vehicles-table.xml::3::your-name
2025-03-14 01:58:04,160 [Test worker] INFO  liquibase.changelog - Table vehicles created
2025-03-14 01:58:04,160 [Test worker] INFO  liquibase.changelog - ChangeSet liquibase/changes/create-vehicles-table.xml::3::your-name ran successfully in 2ms
2025-03-14 01:58:04,161 [Test worker] INFO  liquibase.ui - Running Changeset: liquibase/changes/create-visits-table.xml::4::your-name
2025-03-14 01:58:04,162 [Test worker] INFO  liquibase.changelog - Table visits created
2025-03-14 01:58:04,162 [Test worker] INFO  liquibase.changelog - ChangeSet liquibase/changes/create-visits-table.xml::4::your-name ran successfully in 1ms
2025-03-14 01:58:04,163 [Test worker] INFO  liquibase.ui - Running Changeset: liquibase/changes/create-pocs-table.xml::6::your-name
2025-03-14 01:58:04,165 [Test worker] INFO  liquibase.changelog - Table pocs created
2025-03-14 01:58:04,165 [Test worker] INFO  liquibase.changelog - ChangeSet liquibase/changes/create-pocs-table.xml::6::your-name ran successfully in 2ms
2025-03-14 01:58:04,166 [Test worker] INFO  liquibase.ui - Running Changeset: liquibase/changes/create-events-table.xml::7::your-name
2025-03-14 01:58:04,167 [Test worker] INFO  liquibase.changelog - Table events created
2025-03-14 01:58:04,168 [Test worker] INFO  liquibase.changelog - ChangeSet liquibase/changes/create-events-table.xml::7::your-name ran successfully in 2ms
2025-03-14 01:58:04,168 [Test worker] INFO  liquibase.util - UPDATE SUMMARY
2025-03-14 01:58:04,168 [Test worker] INFO  liquibase.util - Run:                          6
2025-03-14 01:58:04,168 [Test worker] INFO  liquibase.util - Previously run:               0
2025-03-14 01:58:04,168 [Test worker] INFO  liquibase.util - Filtered out:                 0
2025-03-14 01:58:04,168 [Test worker] INFO  liquibase.util - -------------------------------
2025-03-14 01:58:04,168 [Test worker] INFO  liquibase.util - Total change sets:            6
2025-03-14 01:58:04,168 [Test worker] INFO  liquibase.util - Update summary generated
2025-03-14 01:58:04,168 [Test worker] INFO  liquibase.command - Update command completed successfully.
2025-03-14 01:58:04,169 [Test worker] INFO  liquibase.ui - Liquibase: Update has been successful. Rows affected: 6
2025-03-14 01:58:04,169 [Test worker] INFO  liquibase.lockservice - Successfully released change log lock
2025-03-14 01:58:04,169 [Test worker] INFO  liquibase.command - Command execution complete
2025-03-14 01:58:04,178 [Test worker] INFO  org.hibernate.jpa.internal.util.LogHelper - HHH000204: Processing PersistenceUnitInfo [name: default]
2025-03-14 01:58:04,178 [Test worker] INFO  org.hibernate.cache.internal.RegionFactoryInitiator - HHH000026: Second-level cache disabled
2025-03-14 01:58:04,182 [Test worker] INFO  org.springframework.orm.jpa.persistenceunit.SpringPersistenceUnitInfo - No LoadTimeWeaver setup: ignoring JPA class transformer
2025-03-14 01:58:04,182 [Test worker] WARN  org.hibernate.orm.deprecation - HHH90000025: H2Dialect does not need to be specified explicitly using 'hibernate.dialect' (remove the property setting and it will be selected by default)
2025-03-14 01:58:04,182 [Test worker] INFO  org.hibernate.orm.connections.pooling - HHH10001005: Database info:
	Database JDBC URL [Connecting through datasource 'HikariDataSource (HikariPool-3)']
	Database driver: undefined/unknown
	Database version: 2.3.232
	Autocommit mode: undefined/unknown
	Isolation level: undefined/unknown
	Minimum pool size: undefined/unknown
	Maximum pool size: undefined/unknown
2025-03-14 01:58:04,228 [Test worker] INFO  org.hibernate.engine.transaction.jta.platform.internal.JtaPlatformInitiator - HHH000489: No JTA platform available (set 'hibernate.transaction.jta.platform' to enable JTA platform integration)
Hibernate: 
    drop table if exists entities cascade 
Hibernate: 
    drop table if exists events cascade 
Hibernate: 
    drop table if exists pocs cascade 
Hibernate: 
    drop table if exists users cascade 
Hibernate: 
    drop table if exists vehicles cascade 
Hibernate: 
    drop table if exists visits cascade 
Hibernate: 
    create table entities (
        active boolean not null,
        parking_hours_allowed integer not null,
        sync_interval_minutes integer not null,
        created_at timestamp(6) not null,
        id bigint generated by default as identity,
        last_updated_at timestamp(6) not null,
        address varchar(255) not null,
        city varchar(255) not null,
        commune varchar(255) not null,
        contact_phone varchar(255) not null,
        name varchar(255) not null,
        region varchar(255) not null,
        tax_id varchar(255) not null,
        type varchar(255) not null,
        primary key (id)
    )
Hibernate: 
    create table events (
        type tinyint not null check (type between 0 and 1),
        created_at timestamp(6) not null,
        id bigint generated by default as identity,
        poc_id bigint not null,
        plate varchar(255) not null,
        primary key (id)
    )
Hibernate: 
    create table pocs (
        active boolean not null,
        type tinyint not null check (type between 0 and 1),
        created_at timestamp(6) not null,
        entity_id bigint not null,
        id bigint generated by default as identity,
        last_sync timestamp(6) not null,
        identifier varchar(255) not null unique,
        location varchar(255) not null,
        name varchar(255) not null,
        primary key (id)
    )
Hibernate: 
    create table users (
        type tinyint not null check (type between 0 and 3),
        created_at timestamp(6) not null,
        entity_id bigint not null,
        id bigint generated by default as identity,
        document varchar(255) not null,
        email varchar(255) not null unique,
        last_name varchar(255) not null,
        name varchar(255) not null,
        password varchar(255) not null,
        phone_number varchar(255) not null,
        primary key (id)
    )
Hibernate: 
    create table vehicles (
        vehicle_type tinyint not null check (vehicle_type between 0 and 1),
        created_at timestamp(6) not null,
        id bigint generated by default as identity,
        user_id bigint not null,
        plate varchar(255) not null,
        primary key (id)
    )
Hibernate: 
    create table visits (
        created_at timestamp(6) not null,
        expiration_date timestamp(6),
        id bigint generated by default as identity,
        resident_id bigint not null,
        last_name varchar(255) not null,
        name varchar(255) not null,
        vehicle_plate varchar(255) not null,
        primary key (id)
    )
Hibernate: 
    alter table if exists events 
       add constraint FKn5eht9xulbljxwxl1cfrsxyh6 
       foreign key (poc_id) 
       references pocs
Hibernate: 
    alter table if exists pocs 
       add constraint FKcwolwrishvr7h658htihn5xbu 
       foreign key (entity_id) 
       references entities
Hibernate: 
    alter table if exists users 
       add constraint FKhb1q1fcncex0uvlxs3h7vjofc 
       foreign key (entity_id) 
       references entities
Hibernate: 
    alter table if exists vehicles 
       add constraint FKo4u5y92lt2sx8y2dc1bb9sewc 
       foreign key (user_id) 
       references users
Hibernate: 
    alter table if exists visits 
       add constraint FKrvlqg952n1dtjfgun4mr8velu 
       foreign key (resident_id) 
       references users
2025-03-14 01:58:04,237 [Test worker] INFO  org.springframework.orm.jpa.LocalContainerEntityManagerFactoryBean - Initialized JPA EntityManagerFactory for persistence unit 'default'
2025-03-14 01:58:04,274 [Test worker] WARN  org.springframework.boot.autoconfigure.orm.jpa.JpaBaseConfiguration$JpaWebConfiguration - spring.jpa.open-in-view is enabled by default. Therefore, database queries may be performed during view rendering. Explicitly configure spring.jpa.open-in-view to disable this warning
2025-03-14 01:58:04,347 [Test worker] INFO  org.springframework.security.config.annotation.authentication.configuration.InitializeUserDetailsBeanManagerConfigurer$InitializeUserDetailsManagerConfigurer - Global AuthenticationManager configured with UserDetailsService bean with name userDetailsService
2025-03-14 01:58:04,434 [Test worker] INFO  org.apache.coyote.http11.Http11NioProtocol - Starting ProtocolHandler ["http-nio-auto-2"]
2025-03-14 01:58:04,435 [Test worker] INFO  org.springframework.boot.web.embedded.tomcat.TomcatWebServer - Tomcat started on port 35617 (http) with context path '/'
2025-03-14 01:58:04,437 [Test worker] INFO  com.visp.gate_command.integration.EntityIntegrationTest - Started EntityIntegrationTest in 0.464 seconds (process running for 8.255)
2025-03-14 01:58:04,448 [http-nio-auto-2-exec-1] INFO  org.apache.catalina.core.ContainerBase.[Tomcat].[localhost].[/] - Initializing Spring DispatcherServlet 'dispatcherServlet'
2025-03-14 01:58:04,448 [http-nio-auto-2-exec-1] INFO  org.springframework.web.servlet.DispatcherServlet - Initializing Servlet 'dispatcherServlet'
2025-03-14 01:58:04,449 [http-nio-auto-2-exec-1] INFO  org.springframework.web.servlet.DispatcherServlet - Completed initialization in 1 ms
2025-03-14 01:58:04,580 [http-nio-auto-2-exec-1] INFO  com.visp.gate_command.aop.LoggingAspect - Entering EntityControllerImpl.save with arguments: [{"id":null,"name":"name","type":"type","*****":"*****","region":"region","city":"city","commune":"commune","taxId":"*****","*****":"*****","syncIntervalMinutes":5,"parkingHoursAllowed":5,"active":true,"createdAt":null,"lastUpdatedAt":null}]
2025-03-14 01:58:04,580 [http-nio-auto-2-exec-1] INFO  com.visp.gate_command.aop.LoggingAspect - Entering EntityServiceImpl.create with arguments: [{"id":null,"name":"name","type":"type","*****":"*****","region":"region","city":"city","commune":"commune","taxId":"*****","*****":"*****","syncIntervalMinutes":5,"parkingHoursAllowed":5,"active":true,"createdAt":null,"lastUpdatedAt":null}]
Hibernate: 
    insert 
    into
        entities
        (active, address, city, commune, contact_phone, created_at, last_updated_at, name, parking_hours_allowed, region, sync_interval_minutes, tax_id, type, id) 
    values
        (?, ?, ?, ?, ?, ?, ?, ?, ?, ?, ?, ?, ?, default)
2025-03-14 01:58:04,584 [http-nio-auto-2-exec-1] WARN  com.visp.gate_command.aop.LoggingAspect - Failed to log result for EntityServiceImpl.create
2025-03-14 01:58:04,585 [http-nio-auto-2-exec-1] WARN  com.visp.gate_command.aop.LoggingAspect - Failed to log result for EntityControllerImpl.save
2025-03-14 01:58:04,590 [Test worker] INFO  org.springframework.boot.web.embedded.tomcat.GracefulShutdown - Commencing graceful shutdown. Waiting for active requests to complete
2025-03-14 01:58:04,590 [tomcat-shutdown] INFO  org.apache.coyote.http11.Http11NioProtocol - Pausing ProtocolHandler ["http-nio-auto-2-35617"]
2025-03-14 01:58:04,591 [tomcat-shutdown] INFO  org.springframework.boot.web.embedded.tomcat.GracefulShutdown - Graceful shutdown complete
2025-03-14 01:58:04,591 [Test worker] INFO  org.apache.coyote.http11.Http11NioProtocol - Stopping ProtocolHandler ["http-nio-auto-2"]
2025-03-14 01:58:04,592 [Test worker] INFO  org.springframework.orm.jpa.LocalContainerEntityManagerFactoryBean - Closing JPA EntityManagerFactory for persistence unit 'default'
Hibernate: 
    drop table if exists entities cascade 
Hibernate: 
    drop table if exists events cascade 
Hibernate: 
    drop table if exists pocs cascade 
Hibernate: 
    drop table if exists users cascade 
Hibernate: 
    drop table if exists vehicles cascade 
Hibernate: 
    drop table if exists visits cascade 
2025-03-14 01:58:04,594 [Test worker] INFO  com.zaxxer.hikari.HikariDataSource - HikariPool-3 - Shutdown initiated...
2025-03-14 01:58:04,594 [Test worker] INFO  com.zaxxer.hikari.HikariDataSource - HikariPool-3 - Shutdown completed.
01:58:04,605 |-INFO in ch.qos.logback.core.model.processor.AppenderModelHandler - Processing appender named [MASKED_CONSOLE]
01:58:04,605 |-INFO in ch.qos.logback.core.model.processor.AppenderModelHandler - About to instantiate appender of type [ch.qos.logback.core.ConsoleAppender]
01:58:04,605 |-INFO in ch.qos.logback.core.ConsoleAppender[MASKED_CONSOLE] - BEWARE: Writing to the console can be very slow. Avoid logging to the 
01:58:04,605 |-INFO in ch.qos.logback.core.ConsoleAppender[MASKED_CONSOLE] - console in production environments, especially in high volume systems.
01:58:04,605 |-INFO in ch.qos.logback.core.ConsoleAppender[MASKED_CONSOLE] - See also https://logback.qos.ch/codes.html#slowConsole
01:58:04,605 |-WARN in ch.qos.logback.core.model.processor.AppenderModelHandler - Appender named [JSON_CONSOLE] not referenced. Skipping further processing.
01:58:04,605 |-INFO in ch.qos.logback.classic.model.processor.RootLoggerModelHandler - Setting level of ROOT logger to INFO
01:58:04,605 |-INFO in ch.qos.logback.classic.jul.LevelChangePropagator@1d26fddc - Propagating INFO level on Logger[ROOT] onto the JUL framework
01:58:04,605 |-INFO in ch.qos.logback.core.model.processor.AppenderRefModelHandler - Attaching appender named [MASKED_CONSOLE] to Logger[ROOT]
01:58:04,605 |-INFO in ch.qos.logback.core.model.processor.DefaultProcessor@7a319b84 - End of configuration.
01:58:04,605 |-INFO in org.springframework.boot.logging.logback.SpringBootJoranConfigurator@2045d3b2 - Registering current configuration as safe fallback point


  .   ____          _            __ _ _
 /\\ / ___'_ __ _ _(_)_ __  __ _ \ \ \ \
( ( )\___ | '_ | '_| | '_ \/ _` | \ \ \ \
 \\/  ___)| |_)| | | | | || (_| |  ) ) ) )
  '  |____| .__|_| |_|_| |_\__, | / / / /
 =========|_|==============|___/=/_/_/_/

 :: Spring Boot ::                (v3.4.3)

2025-03-14 01:58:04,607 [Test worker] INFO  com.visp.gate_command.integration.EntityIntegrationTest - Starting EntityIntegrationTest using Java 21.0.6 with PID 102706 (started by emilio in /home/emilio/repos/gate-command)
2025-03-14 01:58:04,607 [Test worker] DEBUG com.visp.gate_command.integration.EntityIntegrationTest - Running with Spring Boot v3.4.3, Spring v6.2.3
2025-03-14 01:58:04,607 [Test worker] INFO  com.visp.gate_command.integration.EntityIntegrationTest - The following 1 profile is active: "intTest"
2025-03-14 01:58:04,643 [Test worker] INFO  org.springframework.data.repository.config.RepositoryConfigurationDelegate - Bootstrapping Spring Data JPA repositories in DEFAULT mode.
2025-03-14 01:58:04,654 [Test worker] INFO  org.springframework.data.repository.config.RepositoryConfigurationDelegate - Finished Spring Data repository scanning in 7 ms. Found 6 JPA repository interfaces.
2025-03-14 01:58:04,722 [Test worker] INFO  org.springframework.boot.web.embedded.tomcat.TomcatWebServer - Tomcat initialized with port 0 (http)
2025-03-14 01:58:04,723 [Test worker] INFO  org.apache.coyote.http11.Http11NioProtocol - Initializing ProtocolHandler ["http-nio-auto-3"]
2025-03-14 01:58:04,723 [Test worker] INFO  org.apache.catalina.core.StandardService - Starting service [Tomcat]
2025-03-14 01:58:04,723 [Test worker] INFO  org.apache.catalina.core.StandardEngine - Starting Servlet engine: [Apache Tomcat/10.1.36]
2025-03-14 01:58:04,728 [Test worker] INFO  org.apache.catalina.core.ContainerBase.[Tomcat].[localhost].[/] - Initializing Spring embedded WebApplicationContext
2025-03-14 01:58:04,728 [Test worker] INFO  org.springframework.boot.web.servlet.context.ServletWebServerApplicationContext - Root WebApplicationContext: initialization completed in 120 ms
2025-03-14 01:58:04,740 [Test worker] INFO  com.zaxxer.hikari.HikariDataSource - HikariPool-4 - Starting...
2025-03-14 01:58:04,742 [Test worker] INFO  com.zaxxer.hikari.pool.HikariPool - HikariPool-4 - Added connection conn20: url=jdbc:h2:mem:testdb user=SA
2025-03-14 01:58:04,742 [Test worker] INFO  com.zaxxer.hikari.HikariDataSource - HikariPool-4 - Start completed.
2025-03-14 01:58:04,742 [Test worker] INFO  liquibase.database - Set default schema name to PUBLIC
2025-03-14 01:58:04,761 [Test worker] INFO  liquibase.changelog - Creating database history table with name: PUBLIC.DATABASECHANGELOG
2025-03-14 01:58:04,762 [Test worker] INFO  liquibase.changelog - Reading from PUBLIC.DATABASECHANGELOG
2025-03-14 01:58:04,769 [Test worker] INFO  liquibase.lockservice - Successfully acquired change log lock
2025-03-14 01:58:04,769 [Test worker] INFO  liquibase.command - Using deploymentId: 1928284769
2025-03-14 01:58:04,769 [Test worker] INFO  liquibase.changelog - Reading from PUBLIC.DATABASECHANGELOG
2025-03-14 01:58:04,772 [Test worker] INFO  liquibase.ui - Running Changeset: liquibase/changes/create-entities-table.xml::1::your-name
2025-03-14 01:58:04,774 [Test worker] INFO  liquibase.changelog - Table entities created
2025-03-14 01:58:04,774 [Test worker] INFO  liquibase.changelog - ChangeSet liquibase/changes/create-entities-table.xml::1::your-name ran successfully in 2ms
2025-03-14 01:58:04,775 [Test worker] INFO  liquibase.ui - Running Changeset: liquibase/changes/create-users-table.xml::2::your-name
2025-03-14 01:58:04,777 [Test worker] INFO  liquibase.changelog - Table users created
2025-03-14 01:58:04,777 [Test worker] INFO  liquibase.changelog - ChangeSet liquibase/changes/create-users-table.xml::2::your-name ran successfully in 2ms
2025-03-14 01:58:04,778 [Test worker] INFO  liquibase.ui - Running Changeset: liquibase/changes/create-vehicles-table.xml::3::your-name
2025-03-14 01:58:04,779 [Test worker] INFO  liquibase.changelog - Table vehicles created
2025-03-14 01:58:04,779 [Test worker] INFO  liquibase.changelog - ChangeSet liquibase/changes/create-vehicles-table.xml::3::your-name ran successfully in 1ms
2025-03-14 01:58:04,780 [Test worker] INFO  liquibase.ui - Running Changeset: liquibase/changes/create-visits-table.xml::4::your-name
2025-03-14 01:58:04,781 [Test worker] INFO  liquibase.changelog - Table visits created
2025-03-14 01:58:04,781 [Test worker] INFO  liquibase.changelog - ChangeSet liquibase/changes/create-visits-table.xml::4::your-name ran successfully in 1ms
2025-03-14 01:58:04,782 [Test worker] INFO  liquibase.ui - Running Changeset: liquibase/changes/create-pocs-table.xml::6::your-name
2025-03-14 01:58:04,783 [Test worker] INFO  liquibase.changelog - Table pocs created
2025-03-14 01:58:04,783 [Test worker] INFO  liquibase.changelog - ChangeSet liquibase/changes/create-pocs-table.xml::6::your-name ran successfully in 1ms
2025-03-14 01:58:04,784 [Test worker] INFO  liquibase.ui - Running Changeset: liquibase/changes/create-events-table.xml::7::your-name
2025-03-14 01:58:04,785 [Test worker] INFO  liquibase.changelog - Table events created
2025-03-14 01:58:04,785 [Test worker] INFO  liquibase.changelog - ChangeSet liquibase/changes/create-events-table.xml::7::your-name ran successfully in 1ms
2025-03-14 01:58:04,786 [Test worker] INFO  liquibase.util - UPDATE SUMMARY
2025-03-14 01:58:04,786 [Test worker] INFO  liquibase.util - Run:                          6
2025-03-14 01:58:04,786 [Test worker] INFO  liquibase.util - Previously run:               0
2025-03-14 01:58:04,786 [Test worker] INFO  liquibase.util - Filtered out:                 0
2025-03-14 01:58:04,786 [Test worker] INFO  liquibase.util - -------------------------------
2025-03-14 01:58:04,786 [Test worker] INFO  liquibase.util - Total change sets:            6
2025-03-14 01:58:04,786 [Test worker] INFO  liquibase.util - Update summary generated
2025-03-14 01:58:04,786 [Test worker] INFO  liquibase.command - Update command completed successfully.
2025-03-14 01:58:04,786 [Test worker] INFO  liquibase.ui - Liquibase: Update has been successful. Rows affected: 6
2025-03-14 01:58:04,787 [Test worker] INFO  liquibase.lockservice - Successfully released change log lock
2025-03-14 01:58:04,787 [Test worker] INFO  liquibase.command - Command execution complete
2025-03-14 01:58:04,796 [Test worker] INFO  org.hibernate.jpa.internal.util.LogHelper - HHH000204: Processing PersistenceUnitInfo [name: default]
2025-03-14 01:58:04,797 [Test worker] INFO  org.hibernate.cache.internal.RegionFactoryInitiator - HHH000026: Second-level cache disabled
2025-03-14 01:58:04,800 [Test worker] INFO  org.springframework.orm.jpa.persistenceunit.SpringPersistenceUnitInfo - No LoadTimeWeaver setup: ignoring JPA class transformer
2025-03-14 01:58:04,800 [Test worker] WARN  org.hibernate.orm.deprecation - HHH90000025: H2Dialect does not need to be specified explicitly using 'hibernate.dialect' (remove the property setting and it will be selected by default)
2025-03-14 01:58:04,800 [Test worker] INFO  org.hibernate.orm.connections.pooling - HHH10001005: Database info:
	Database JDBC URL [Connecting through datasource 'HikariDataSource (HikariPool-4)']
	Database driver: undefined/unknown
	Database version: 2.3.232
	Autocommit mode: undefined/unknown
	Isolation level: undefined/unknown
	Minimum pool size: undefined/unknown
	Maximum pool size: undefined/unknown
2025-03-14 01:58:04,841 [Test worker] INFO  org.hibernate.engine.transaction.jta.platform.internal.JtaPlatformInitiator - HHH000489: No JTA platform available (set 'hibernate.transaction.jta.platform' to enable JTA platform integration)
Hibernate: 
    drop table if exists entities cascade 
Hibernate: 
    drop table if exists events cascade 
Hibernate: 
    drop table if exists pocs cascade 
Hibernate: 
    drop table if exists users cascade 
Hibernate: 
    drop table if exists vehicles cascade 
Hibernate: 
    drop table if exists visits cascade 
Hibernate: 
    create table entities (
        active boolean not null,
        parking_hours_allowed integer not null,
        sync_interval_minutes integer not null,
        created_at timestamp(6) not null,
        id bigint generated by default as identity,
        last_updated_at timestamp(6) not null,
        address varchar(255) not null,
        city varchar(255) not null,
        commune varchar(255) not null,
        contact_phone varchar(255) not null,
        name varchar(255) not null,
        region varchar(255) not null,
        tax_id varchar(255) not null,
        type varchar(255) not null,
        primary key (id)
    )
Hibernate: 
    create table events (
        type tinyint not null check (type between 0 and 1),
        created_at timestamp(6) not null,
        id bigint generated by default as identity,
        poc_id bigint not null,
        plate varchar(255) not null,
        primary key (id)
    )
Hibernate: 
    create table pocs (
        active boolean not null,
        type tinyint not null check (type between 0 and 1),
        created_at timestamp(6) not null,
        entity_id bigint not null,
        id bigint generated by default as identity,
        last_sync timestamp(6) not null,
        identifier varchar(255) not null unique,
        location varchar(255) not null,
        name varchar(255) not null,
        primary key (id)
    )
Hibernate: 
    create table users (
        type tinyint not null check (type between 0 and 3),
        created_at timestamp(6) not null,
        entity_id bigint not null,
        id bigint generated by default as identity,
        document varchar(255) not null,
        email varchar(255) not null unique,
        last_name varchar(255) not null,
        name varchar(255) not null,
        password varchar(255) not null,
        phone_number varchar(255) not null,
        primary key (id)
    )
Hibernate: 
    create table vehicles (
        vehicle_type tinyint not null check (vehicle_type between 0 and 1),
        created_at timestamp(6) not null,
        id bigint generated by default as identity,
        user_id bigint not null,
        plate varchar(255) not null,
        primary key (id)
    )
Hibernate: 
    create table visits (
        created_at timestamp(6) not null,
        expiration_date timestamp(6),
        id bigint generated by default as identity,
        resident_id bigint not null,
        last_name varchar(255) not null,
        name varchar(255) not null,
        vehicle_plate varchar(255) not null,
        primary key (id)
    )
Hibernate: 
    alter table if exists events 
       add constraint FKn5eht9xulbljxwxl1cfrsxyh6 
       foreign key (poc_id) 
       references pocs
Hibernate: 
    alter table if exists pocs 
       add constraint FKcwolwrishvr7h658htihn5xbu 
       foreign key (entity_id) 
       references entities
Hibernate: 
    alter table if exists users 
       add constraint FKhb1q1fcncex0uvlxs3h7vjofc 
       foreign key (entity_id) 
       references entities
Hibernate: 
    alter table if exists vehicles 
       add constraint FKo4u5y92lt2sx8y2dc1bb9sewc 
       foreign key (user_id) 
       references users
Hibernate: 
    alter table if exists visits 
       add constraint FKrvlqg952n1dtjfgun4mr8velu 
       foreign key (resident_id) 
       references users
2025-03-14 01:58:04,853 [Test worker] INFO  org.springframework.orm.jpa.LocalContainerEntityManagerFactoryBean - Initialized JPA EntityManagerFactory for persistence unit 'default'
2025-03-14 01:58:04,896 [Test worker] WARN  org.springframework.boot.autoconfigure.orm.jpa.JpaBaseConfiguration$JpaWebConfiguration - spring.jpa.open-in-view is enabled by default. Therefore, database queries may be performed during view rendering. Explicitly configure spring.jpa.open-in-view to disable this warning
2025-03-14 01:58:04,965 [Test worker] INFO  org.springframework.security.config.annotation.authentication.configuration.InitializeUserDetailsBeanManagerConfigurer$InitializeUserDetailsManagerConfigurer - Global AuthenticationManager configured with UserDetailsService bean with name userDetailsService
2025-03-14 01:58:05,055 [Test worker] INFO  org.apache.coyote.http11.Http11NioProtocol - Starting ProtocolHandler ["http-nio-auto-3"]
2025-03-14 01:58:05,056 [Test worker] INFO  org.springframework.boot.web.embedded.tomcat.TomcatWebServer - Tomcat started on port 42025 (http) with context path '/'
2025-03-14 01:58:05,057 [Test worker] INFO  com.visp.gate_command.integration.EntityIntegrationTest - Started EntityIntegrationTest in 0.46 seconds (process running for 8.875)
2025-03-14 01:58:05,067 [http-nio-auto-3-exec-1] INFO  org.apache.catalina.core.ContainerBase.[Tomcat].[localhost].[/] - Initializing Spring DispatcherServlet 'dispatcherServlet'
2025-03-14 01:58:05,067 [http-nio-auto-3-exec-1] INFO  org.springframework.web.servlet.DispatcherServlet - Initializing Servlet 'dispatcherServlet'
2025-03-14 01:58:05,067 [http-nio-auto-3-exec-1] INFO  org.springframework.web.servlet.DispatcherServlet - Completed initialization in 0 ms
2025-03-14 01:58:05,198 [http-nio-auto-3-exec-1] INFO  com.visp.gate_command.aop.LoggingAspect - Entering EntityControllerImpl.save with arguments: [{"id":null,"name":"name","type":"type","*****":"*****","region":"region","city":"city","commune":"commune","taxId":"*****","*****":"*****","syncIntervalMinutes":5,"parkingHoursAllowed":5,"active":true,"createdAt":null,"lastUpdatedAt":null}]
2025-03-14 01:58:05,199 [http-nio-auto-3-exec-1] INFO  com.visp.gate_command.aop.LoggingAspect - Entering EntityServiceImpl.create with arguments: [{"id":null,"name":"name","type":"type","*****":"*****","region":"region","city":"city","commune":"commune","taxId":"*****","*****":"*****","syncIntervalMinutes":5,"parkingHoursAllowed":5,"active":true,"createdAt":null,"lastUpdatedAt":null}]
Hibernate: 
    insert 
    into
        entities
        (active, address, city, commune, contact_phone, created_at, last_updated_at, name, parking_hours_allowed, region, sync_interval_minutes, tax_id, type, id) 
    values
        (?, ?, ?, ?, ?, ?, ?, ?, ?, ?, ?, ?, ?, default)
2025-03-14 01:58:05,202 [http-nio-auto-3-exec-1] WARN  com.visp.gate_command.aop.LoggingAspect - Failed to log result for EntityServiceImpl.create
2025-03-14 01:58:05,204 [http-nio-auto-3-exec-1] WARN  com.visp.gate_command.aop.LoggingAspect - Failed to log result for EntityControllerImpl.save
2025-03-14 01:58:05,275 [http-nio-auto-3-exec-2] INFO  com.visp.gate_command.aop.LoggingAspect - Entering EntityControllerImpl.delete with arguments: [1]
2025-03-14 01:58:05,276 [http-nio-auto-3-exec-2] INFO  com.visp.gate_command.aop.LoggingAspect - Entering EntityServiceImpl.delete with arguments: [1]
Hibernate: 
    select
        e1_0.id,
        e1_0.active,
        e1_0.address,
        e1_0.city,
        e1_0.commune,
        e1_0.contact_phone,
        e1_0.created_at,
        e1_0.last_updated_at,
        e1_0.name,
        e1_0.parking_hours_allowed,
        e1_0.region,
        e1_0.sync_interval_minutes,
        e1_0.tax_id,
        e1_0.type 
    from
        entities e1_0 
    where
        e1_0.id=?
Hibernate: 
    delete 
    from
        entities 
    where
        id=?
2025-03-14 01:58:05,283 [http-nio-auto-3-exec-2] INFO  com.visp.gate_command.aop.LoggingAspect - Exiting EntityServiceImpl.delete with result: null
2025-03-14 01:58:05,285 [http-nio-auto-3-exec-2] INFO  com.visp.gate_command.aop.LoggingAspect - Exiting EntityControllerImpl.delete with result: {"headers":{},"body":null,"statusCodeValue":202,"statusCode":"ACCEPTED"}
2025-03-14 01:58:05,353 [http-nio-auto-3-exec-3] INFO  com.visp.gate_command.aop.LoggingAspect - Entering EntityControllerImpl.retrieveAll with arguments: []
2025-03-14 01:58:05,353 [http-nio-auto-3-exec-3] INFO  com.visp.gate_command.aop.LoggingAspect - Entering EntityServiceImpl.getAll with arguments: []
Hibernate: 
    select
        e1_0.id,
        e1_0.active,
        e1_0.address,
        e1_0.city,
        e1_0.commune,
        e1_0.contact_phone,
        e1_0.created_at,
        e1_0.last_updated_at,
        e1_0.name,
        e1_0.parking_hours_allowed,
        e1_0.region,
        e1_0.sync_interval_minutes,
        e1_0.tax_id,
        e1_0.type 
    from
        entities e1_0
2025-03-14 01:58:05,419 [http-nio-auto-3-exec-3] INFO  com.visp.gate_command.aop.LoggingAspect - Exiting EntityServiceImpl.getAll with result: []
2025-03-14 01:58:05,419 [http-nio-auto-3-exec-3] INFO  com.visp.gate_command.aop.LoggingAspect - Exiting EntityControllerImpl.retrieveAll with result: {"headers":{},"body":[],"statusCodeValue":200,"statusCode":"OK"}
2025-03-14 01:58:05,424 [Test worker] INFO  org.springframework.boot.web.embedded.tomcat.GracefulShutdown - Commencing graceful shutdown. Waiting for active requests to complete
2025-03-14 01:58:05,424 [tomcat-shutdown] INFO  org.apache.coyote.http11.Http11NioProtocol - Pausing ProtocolHandler ["http-nio-auto-3-42025"]
2025-03-14 01:58:05,424 [tomcat-shutdown] INFO  org.springframework.boot.web.embedded.tomcat.GracefulShutdown - Graceful shutdown complete
2025-03-14 01:58:05,424 [Test worker] INFO  org.apache.coyote.http11.Http11NioProtocol - Stopping ProtocolHandler ["http-nio-auto-3"]
2025-03-14 01:58:05,425 [Test worker] INFO  org.springframework.orm.jpa.LocalContainerEntityManagerFactoryBean - Closing JPA EntityManagerFactory for persistence unit 'default'
Hibernate: 
    drop table if exists entities cascade 
Hibernate: 
    drop table if exists events cascade 
Hibernate: 
    drop table if exists pocs cascade 
Hibernate: 
    drop table if exists users cascade 
Hibernate: 
    drop table if exists vehicles cascade 
Hibernate: 
    drop table if exists visits cascade 
2025-03-14 01:58:05,427 [Test worker] INFO  com.zaxxer.hikari.HikariDataSource - HikariPool-4 - Shutdown initiated...
2025-03-14 01:58:05,427 [Test worker] INFO  com.zaxxer.hikari.HikariDataSource - HikariPool-4 - Shutdown completed.
01:58:05,438 |-INFO in ch.qos.logback.core.model.processor.AppenderModelHandler - Processing appender named [MASKED_CONSOLE]
01:58:05,438 |-INFO in ch.qos.logback.core.model.processor.AppenderModelHandler - About to instantiate appender of type [ch.qos.logback.core.ConsoleAppender]
01:58:05,438 |-INFO in ch.qos.logback.core.ConsoleAppender[MASKED_CONSOLE] - BEWARE: Writing to the console can be very slow. Avoid logging to the 
01:58:05,438 |-INFO in ch.qos.logback.core.ConsoleAppender[MASKED_CONSOLE] - console in production environments, especially in high volume systems.
01:58:05,438 |-INFO in ch.qos.logback.core.ConsoleAppender[MASKED_CONSOLE] - See also https://logback.qos.ch/codes.html#slowConsole
01:58:05,438 |-WARN in ch.qos.logback.core.model.processor.AppenderModelHandler - Appender named [JSON_CONSOLE] not referenced. Skipping further processing.
01:58:05,438 |-INFO in ch.qos.logback.classic.model.processor.RootLoggerModelHandler - Setting level of ROOT logger to INFO
01:58:05,438 |-INFO in ch.qos.logback.classic.jul.LevelChangePropagator@548bd4ad - Propagating INFO level on Logger[ROOT] onto the JUL framework
01:58:05,438 |-INFO in ch.qos.logback.core.model.processor.AppenderRefModelHandler - Attaching appender named [MASKED_CONSOLE] to Logger[ROOT]
01:58:05,438 |-INFO in ch.qos.logback.core.model.processor.DefaultProcessor@5f5f3875 - End of configuration.
01:58:05,438 |-INFO in org.springframework.boot.logging.logback.SpringBootJoranConfigurator@35b17b6f - Registering current configuration as safe fallback point


  .   ____          _            __ _ _
 /\\ / ___'_ __ _ _(_)_ __  __ _ \ \ \ \
( ( )\___ | '_ | '_| | '_ \/ _` | \ \ \ \
 \\/  ___)| |_)| | | | | || (_| |  ) ) ) )
  '  |____| .__|_| |_|_| |_\__, | / / / /
 =========|_|==============|___/=/_/_/_/

 :: Spring Boot ::                (v3.4.3)

2025-03-14 01:58:05,440 [Test worker] INFO  com.visp.gate_command.integration.EntityIntegrationTest - Starting EntityIntegrationTest using Java 21.0.6 with PID 102706 (started by emilio in /home/emilio/repos/gate-command)
2025-03-14 01:58:05,440 [Test worker] DEBUG com.visp.gate_command.integration.EntityIntegrationTest - Running with Spring Boot v3.4.3, Spring v6.2.3
2025-03-14 01:58:05,440 [Test worker] INFO  com.visp.gate_command.integration.EntityIntegrationTest - The following 1 profile is active: "intTest"
2025-03-14 01:58:05,473 [Test worker] INFO  org.springframework.data.repository.config.RepositoryConfigurationDelegate - Bootstrapping Spring Data JPA repositories in DEFAULT mode.
2025-03-14 01:58:05,478 [Test worker] INFO  org.springframework.data.repository.config.RepositoryConfigurationDelegate - Finished Spring Data repository scanning in 4 ms. Found 6 JPA repository interfaces.
2025-03-14 01:58:05,517 [Test worker] INFO  org.springframework.boot.web.embedded.tomcat.TomcatWebServer - Tomcat initialized with port 0 (http)
2025-03-14 01:58:05,518 [Test worker] INFO  org.apache.coyote.http11.Http11NioProtocol - Initializing ProtocolHandler ["http-nio-auto-4"]
2025-03-14 01:58:05,518 [Test worker] INFO  org.apache.catalina.core.StandardService - Starting service [Tomcat]
2025-03-14 01:58:05,518 [Test worker] INFO  org.apache.catalina.core.StandardEngine - Starting Servlet engine: [Apache Tomcat/10.1.36]
2025-03-14 01:58:05,523 [Test worker] INFO  org.apache.catalina.core.ContainerBase.[Tomcat].[localhost].[/] - Initializing Spring embedded WebApplicationContext
2025-03-14 01:58:05,523 [Test worker] INFO  org.springframework.boot.web.servlet.context.ServletWebServerApplicationContext - Root WebApplicationContext: initialization completed in 82 ms
2025-03-14 01:58:05,539 [Test worker] INFO  com.zaxxer.hikari.HikariDataSource - HikariPool-5 - Starting...
2025-03-14 01:58:05,541 [Test worker] INFO  com.zaxxer.hikari.pool.HikariPool - HikariPool-5 - Added connection conn30: url=jdbc:h2:mem:testdb user=SA
2025-03-14 01:58:05,541 [Test worker] INFO  com.zaxxer.hikari.HikariDataSource - HikariPool-5 - Start completed.
2025-03-14 01:58:05,542 [Test worker] INFO  liquibase.database - Set default schema name to PUBLIC
2025-03-14 01:58:05,586 [Test worker] INFO  liquibase.changelog - Creating database history table with name: PUBLIC.DATABASECHANGELOG
2025-03-14 01:58:05,589 [Test worker] INFO  liquibase.changelog - Reading from PUBLIC.DATABASECHANGELOG
2025-03-14 01:58:05,597 [Test worker] INFO  liquibase.lockservice - Successfully acquired change log lock
2025-03-14 01:58:05,597 [Test worker] INFO  liquibase.command - Using deploymentId: 1928285597
2025-03-14 01:58:05,597 [Test worker] INFO  liquibase.changelog - Reading from PUBLIC.DATABASECHANGELOG
2025-03-14 01:58:05,600 [Test worker] INFO  liquibase.ui - Running Changeset: liquibase/changes/create-entities-table.xml::1::your-name
2025-03-14 01:58:05,601 [Test worker] INFO  liquibase.changelog - Table entities created
2025-03-14 01:58:05,602 [Test worker] INFO  liquibase.changelog - ChangeSet liquibase/changes/create-entities-table.xml::1::your-name ran successfully in 1ms
2025-03-14 01:58:05,603 [Test worker] INFO  liquibase.ui - Running Changeset: liquibase/changes/create-users-table.xml::2::your-name
2025-03-14 01:58:05,604 [Test worker] INFO  liquibase.changelog - Table users created
2025-03-14 01:58:05,604 [Test worker] INFO  liquibase.changelog - ChangeSet liquibase/changes/create-users-table.xml::2::your-name ran successfully in 1ms
2025-03-14 01:58:05,605 [Test worker] INFO  liquibase.ui - Running Changeset: liquibase/changes/create-vehicles-table.xml::3::your-name
2025-03-14 01:58:05,606 [Test worker] INFO  liquibase.changelog - Table vehicles created
2025-03-14 01:58:05,606 [Test worker] INFO  liquibase.changelog - ChangeSet liquibase/changes/create-vehicles-table.xml::3::your-name ran successfully in 1ms
2025-03-14 01:58:05,607 [Test worker] INFO  liquibase.ui - Running Changeset: liquibase/changes/create-visits-table.xml::4::your-name
2025-03-14 01:58:05,608 [Test worker] INFO  liquibase.changelog - Table visits created
2025-03-14 01:58:05,608 [Test worker] INFO  liquibase.changelog - ChangeSet liquibase/changes/create-visits-table.xml::4::your-name ran successfully in 1ms
2025-03-14 01:58:05,609 [Test worker] INFO  liquibase.ui - Running Changeset: liquibase/changes/create-pocs-table.xml::6::your-name
2025-03-14 01:58:05,610 [Test worker] INFO  liquibase.changelog - Table pocs created
2025-03-14 01:58:05,610 [Test worker] INFO  liquibase.changelog - ChangeSet liquibase/changes/create-pocs-table.xml::6::your-name ran successfully in 1ms
2025-03-14 01:58:05,611 [Test worker] INFO  liquibase.ui - Running Changeset: liquibase/changes/create-events-table.xml::7::your-name
2025-03-14 01:58:05,612 [Test worker] INFO  liquibase.changelog - Table events created
2025-03-14 01:58:05,612 [Test worker] INFO  liquibase.changelog - ChangeSet liquibase/changes/create-events-table.xml::7::your-name ran successfully in 1ms
2025-03-14 01:58:05,612 [Test worker] INFO  liquibase.util - UPDATE SUMMARY
2025-03-14 01:58:05,612 [Test worker] INFO  liquibase.util - Run:                          6
2025-03-14 01:58:05,612 [Test worker] INFO  liquibase.util - Previously run:               0
2025-03-14 01:58:05,612 [Test worker] INFO  liquibase.util - Filtered out:                 0
2025-03-14 01:58:05,612 [Test worker] INFO  liquibase.util - -------------------------------
2025-03-14 01:58:05,612 [Test worker] INFO  liquibase.util - Total change sets:            6
2025-03-14 01:58:05,612 [Test worker] INFO  liquibase.util - Update summary generated
2025-03-14 01:58:05,612 [Test worker] INFO  liquibase.command - Update command completed successfully.
2025-03-14 01:58:05,612 [Test worker] INFO  liquibase.ui - Liquibase: Update has been successful. Rows affected: 6
2025-03-14 01:58:05,613 [Test worker] INFO  liquibase.lockservice - Successfully released change log lock
2025-03-14 01:58:05,613 [Test worker] INFO  liquibase.command - Command execution complete
2025-03-14 01:58:05,622 [Test worker] INFO  org.hibernate.jpa.internal.util.LogHelper - HHH000204: Processing PersistenceUnitInfo [name: default]
2025-03-14 01:58:05,623 [Test worker] INFO  org.hibernate.cache.internal.RegionFactoryInitiator - HHH000026: Second-level cache disabled
2025-03-14 01:58:05,626 [Test worker] INFO  org.springframework.orm.jpa.persistenceunit.SpringPersistenceUnitInfo - No LoadTimeWeaver setup: ignoring JPA class transformer
2025-03-14 01:58:05,627 [Test worker] WARN  org.hibernate.orm.deprecation - HHH90000025: H2Dialect does not need to be specified explicitly using 'hibernate.dialect' (remove the property setting and it will be selected by default)
2025-03-14 01:58:05,627 [Test worker] INFO  org.hibernate.orm.connections.pooling - HHH10001005: Database info:
	Database JDBC URL [Connecting through datasource 'HikariDataSource (HikariPool-5)']
	Database driver: undefined/unknown
	Database version: 2.3.232
	Autocommit mode: undefined/unknown
	Isolation level: undefined/unknown
	Minimum pool size: undefined/unknown
	Maximum pool size: undefined/unknown
2025-03-14 01:58:05,667 [Test worker] INFO  org.hibernate.engine.transaction.jta.platform.internal.JtaPlatformInitiator - HHH000489: No JTA platform available (set 'hibernate.transaction.jta.platform' to enable JTA platform integration)
Hibernate: 
    drop table if exists entities cascade 
Hibernate: 
    drop table if exists events cascade 
Hibernate: 
    drop table if exists pocs cascade 
Hibernate: 
    drop table if exists users cascade 
Hibernate: 
    drop table if exists vehicles cascade 
Hibernate: 
    drop table if exists visits cascade 
Hibernate: 
    create table entities (
        active boolean not null,
        parking_hours_allowed integer not null,
        sync_interval_minutes integer not null,
        created_at timestamp(6) not null,
        id bigint generated by default as identity,
        last_updated_at timestamp(6) not null,
        address varchar(255) not null,
        city varchar(255) not null,
        commune varchar(255) not null,
        contact_phone varchar(255) not null,
        name varchar(255) not null,
        region varchar(255) not null,
        tax_id varchar(255) not null,
        type varchar(255) not null,
        primary key (id)
    )
Hibernate: 
    create table events (
        type tinyint not null check (type between 0 and 1),
        created_at timestamp(6) not null,
        id bigint generated by default as identity,
        poc_id bigint not null,
        plate varchar(255) not null,
        primary key (id)
    )
Hibernate: 
    create table pocs (
        active boolean not null,
        type tinyint not null check (type between 0 and 1),
        created_at timestamp(6) not null,
        entity_id bigint not null,
        id bigint generated by default as identity,
        last_sync timestamp(6) not null,
        identifier varchar(255) not null unique,
        location varchar(255) not null,
        name varchar(255) not null,
        primary key (id)
    )
Hibernate: 
    create table users (
        type tinyint not null check (type between 0 and 3),
        created_at timestamp(6) not null,
        entity_id bigint not null,
        id bigint generated by default as identity,
        document varchar(255) not null,
        email varchar(255) not null unique,
        last_name varchar(255) not null,
        name varchar(255) not null,
        password varchar(255) not null,
        phone_number varchar(255) not null,
        primary key (id)
    )
Hibernate: 
    create table vehicles (
        vehicle_type tinyint not null check (vehicle_type between 0 and 1),
        created_at timestamp(6) not null,
        id bigint generated by default as identity,
        user_id bigint not null,
        plate varchar(255) not null,
        primary key (id)
    )
Hibernate: 
    create table visits (
        created_at timestamp(6) not null,
        expiration_date timestamp(6),
        id bigint generated by default as identity,
        resident_id bigint not null,
        last_name varchar(255) not null,
        name varchar(255) not null,
        vehicle_plate varchar(255) not null,
        primary key (id)
    )
Hibernate: 
    alter table if exists events 
       add constraint FKn5eht9xulbljxwxl1cfrsxyh6 
       foreign key (poc_id) 
       references pocs
Hibernate: 
    alter table if exists pocs 
       add constraint FKcwolwrishvr7h658htihn5xbu 
       foreign key (entity_id) 
       references entities
Hibernate: 
    alter table if exists users 
       add constraint FKhb1q1fcncex0uvlxs3h7vjofc 
       foreign key (entity_id) 
       references entities
Hibernate: 
    alter table if exists vehicles 
       add constraint FKo4u5y92lt2sx8y2dc1bb9sewc 
       foreign key (user_id) 
       references users
Hibernate: 
    alter table if exists visits 
       add constraint FKrvlqg952n1dtjfgun4mr8velu 
       foreign key (resident_id) 
       references users
2025-03-14 01:58:05,675 [Test worker] INFO  org.springframework.orm.jpa.LocalContainerEntityManagerFactoryBean - Initialized JPA EntityManagerFactory for persistence unit 'default'
2025-03-14 01:58:05,708 [Test worker] WARN  org.springframework.boot.autoconfigure.orm.jpa.JpaBaseConfiguration$JpaWebConfiguration - spring.jpa.open-in-view is enabled by default. Therefore, database queries may be performed during view rendering. Explicitly configure spring.jpa.open-in-view to disable this warning
2025-03-14 01:58:05,777 [Test worker] INFO  org.springframework.security.config.annotation.authentication.configuration.InitializeUserDetailsBeanManagerConfigurer$InitializeUserDetailsManagerConfigurer - Global AuthenticationManager configured with UserDetailsService bean with name userDetailsService
2025-03-14 01:58:05,867 [Test worker] INFO  org.apache.coyote.http11.Http11NioProtocol - Starting ProtocolHandler ["http-nio-auto-4"]
2025-03-14 01:58:05,868 [Test worker] INFO  org.springframework.boot.web.embedded.tomcat.TomcatWebServer - Tomcat started on port 39801 (http) with context path '/'
2025-03-14 01:58:05,869 [Test worker] INFO  com.visp.gate_command.integration.EntityIntegrationTest - Started EntityIntegrationTest in 0.439 seconds (process running for 9.688)
2025-03-14 01:58:05,879 [http-nio-auto-4-exec-1] INFO  org.apache.catalina.core.ContainerBase.[Tomcat].[localhost].[/] - Initializing Spring DispatcherServlet 'dispatcherServlet'
2025-03-14 01:58:05,879 [http-nio-auto-4-exec-1] INFO  org.springframework.web.servlet.DispatcherServlet - Initializing Servlet 'dispatcherServlet'
2025-03-14 01:58:05,879 [http-nio-auto-4-exec-1] INFO  org.springframework.web.servlet.DispatcherServlet - Completed initialization in 0 ms
2025-03-14 01:58:06,010 [http-nio-auto-4-exec-1] INFO  com.visp.gate_command.aop.LoggingAspect - Entering EntityControllerImpl.save with arguments: [{"id":null,"name":"Entity 1","type":"type","*****":"*****","region":"region","city":"city","commune":"commune","taxId":"*****","*****":"*****","syncIntervalMinutes":5,"parkingHoursAllowed":5,"active":true,"createdAt":null,"lastUpdatedAt":null}]
2025-03-14 01:58:06,010 [http-nio-auto-4-exec-1] INFO  com.visp.gate_command.aop.LoggingAspect - Entering EntityServiceImpl.create with arguments: [{"id":null,"name":"Entity 1","type":"type","*****":"*****","region":"region","city":"city","commune":"commune","taxId":"*****","*****":"*****","syncIntervalMinutes":5,"parkingHoursAllowed":5,"active":true,"createdAt":null,"lastUpdatedAt":null}]
Hibernate: 
    insert 
    into
        entities
        (active, address, city, commune, contact_phone, created_at, last_updated_at, name, parking_hours_allowed, region, sync_interval_minutes, tax_id, type, id) 
    values
        (?, ?, ?, ?, ?, ?, ?, ?, ?, ?, ?, ?, ?, default)
2025-03-14 01:58:06,013 [http-nio-auto-4-exec-1] WARN  com.visp.gate_command.aop.LoggingAspect - Failed to log result for EntityServiceImpl.create
2025-03-14 01:58:06,014 [http-nio-auto-4-exec-1] WARN  com.visp.gate_command.aop.LoggingAspect - Failed to log result for EntityControllerImpl.save
2025-03-14 01:58:06,083 [http-nio-auto-4-exec-2] INFO  com.visp.gate_command.aop.LoggingAspect - Entering EntityControllerImpl.save with arguments: [{"id":null,"name":"Entity 2","type":"type","*****":"*****","region":"region","city":"city","commune":"commune","taxId":"*****","*****":"*****","syncIntervalMinutes":5,"parkingHoursAllowed":5,"active":true,"createdAt":null,"lastUpdatedAt":null}]
2025-03-14 01:58:06,083 [http-nio-auto-4-exec-2] INFO  com.visp.gate_command.aop.LoggingAspect - Entering EntityServiceImpl.create with arguments: [{"id":null,"name":"Entity 2","type":"type","*****":"*****","region":"region","city":"city","commune":"commune","taxId":"*****","*****":"*****","syncIntervalMinutes":5,"parkingHoursAllowed":5,"active":true,"createdAt":null,"lastUpdatedAt":null}]
Hibernate: 
    insert 
    into
        entities
        (active, address, city, commune, contact_phone, created_at, last_updated_at, name, parking_hours_allowed, region, sync_interval_minutes, tax_id, type, id) 
    values
        (?, ?, ?, ?, ?, ?, ?, ?, ?, ?, ?, ?, ?, default)
2025-03-14 01:58:06,085 [http-nio-auto-4-exec-2] WARN  com.visp.gate_command.aop.LoggingAspect - Failed to log result for EntityServiceImpl.create
2025-03-14 01:58:06,085 [http-nio-auto-4-exec-2] WARN  com.visp.gate_command.aop.LoggingAspect - Failed to log result for EntityControllerImpl.save
2025-03-14 01:58:06,152 [http-nio-auto-4-exec-3] INFO  com.visp.gate_command.aop.LoggingAspect - Entering EntityControllerImpl.retrieveAll with arguments: []
2025-03-14 01:58:06,152 [http-nio-auto-4-exec-3] INFO  com.visp.gate_command.aop.LoggingAspect - Entering EntityServiceImpl.getAll with arguments: []
Hibernate: 
    select
        e1_0.id,
        e1_0.active,
        e1_0.address,
        e1_0.city,
        e1_0.commune,
        e1_0.contact_phone,
        e1_0.created_at,
        e1_0.last_updated_at,
        e1_0.name,
        e1_0.parking_hours_allowed,
        e1_0.region,
        e1_0.sync_interval_minutes,
        e1_0.tax_id,
        e1_0.type 
    from
        entities e1_0
2025-03-14 01:58:06,155 [http-nio-auto-4-exec-3] WARN  com.visp.gate_command.aop.LoggingAspect - Failed to log result for EntityServiceImpl.getAll
2025-03-14 01:58:06,155 [http-nio-auto-4-exec-3] WARN  com.visp.gate_command.aop.LoggingAspect - Failed to log result for EntityControllerImpl.retrieveAll
2025-03-14 01:58:06,159 [Test worker] INFO  org.springframework.boot.web.embedded.tomcat.GracefulShutdown - Commencing graceful shutdown. Waiting for active requests to complete
2025-03-14 01:58:06,159 [tomcat-shutdown] INFO  org.apache.coyote.http11.Http11NioProtocol - Pausing ProtocolHandler ["http-nio-auto-4-39801"]
2025-03-14 01:58:06,160 [tomcat-shutdown] INFO  org.springframework.boot.web.embedded.tomcat.GracefulShutdown - Graceful shutdown complete
2025-03-14 01:58:06,160 [Test worker] INFO  org.apache.coyote.http11.Http11NioProtocol - Stopping ProtocolHandler ["http-nio-auto-4"]
2025-03-14 01:58:06,161 [Test worker] INFO  org.springframework.orm.jpa.LocalContainerEntityManagerFactoryBean - Closing JPA EntityManagerFactory for persistence unit 'default'
Hibernate: 
    drop table if exists entities cascade 
Hibernate: 
    drop table if exists events cascade 
Hibernate: 
    drop table if exists pocs cascade 
Hibernate: 
    drop table if exists users cascade 
Hibernate: 
    drop table if exists vehicles cascade 
Hibernate: 
    drop table if exists visits cascade 
2025-03-14 01:58:06,162 [Test worker] INFO  com.zaxxer.hikari.HikariDataSource - HikariPool-5 - Shutdown initiated...
2025-03-14 01:58:06,162 [Test worker] INFO  com.zaxxer.hikari.HikariDataSource - HikariPool-5 - Shutdown completed.
]]></system-out>
  <system-err><![CDATA[]]></system-err>
</testsuite>
